[2025-09-02 16:12:48] local.ERROR: SQLSTATE[HY000]: General error: 1 duplicate column name: phone (Connection: sqlite, SQL: alter table "users" add column "phone" varchar) {"exception":"[object] (Illuminate\\Database\\QueryException(code: HY000): SQLSTATE[HY000]: General error: 1 duplicate column name: phone (Connection: sqlite, SQL: alter table \"users\" add column \"phone\" varchar) at /Users/masastevanovic/Desktop/STEH/health-records-app/vendor/laravel/framework/src/Illuminate/Database/Connection.php:824)
[stacktrace]
#0 /Users/masastevanovic/Desktop/STEH/health-records-app/vendor/laravel/framework/src/Illuminate/Database/Connection.php(778): Illuminate\\Database\\Connection->runQueryCallback('alter table \"us...', Array, Object(Closure))
#1 /Users/masastevanovic/Desktop/STEH/health-records-app/vendor/laravel/framework/src/Illuminate/Database/Connection.php(559): Illuminate\\Database\\Connection->run('alter table \"us...', Array, Object(Closure))
#2 /Users/masastevanovic/Desktop/STEH/health-records-app/vendor/laravel/framework/src/Illuminate/Database/Schema/Blueprint.php(121): Illuminate\\Database\\Connection->statement('alter table \"us...')
#3 /Users/masastevanovic/Desktop/STEH/health-records-app/vendor/laravel/framework/src/Illuminate/Database/Schema/Builder.php(618): Illuminate\\Database\\Schema\\Blueprint->build()
#4 /Users/masastevanovic/Desktop/STEH/health-records-app/vendor/laravel/framework/src/Illuminate/Database/Schema/Builder.php(460): Illuminate\\Database\\Schema\\Builder->build(Object(Illuminate\\Database\\Schema\\Blueprint))
#5 /Users/masastevanovic/Desktop/STEH/health-records-app/vendor/laravel/framework/src/Illuminate/Support/Facades/Facade.php(363): Illuminate\\Database\\Schema\\Builder->table('users', Object(Closure))
#6 /Users/masastevanovic/Desktop/STEH/health-records-app/database/migrations/2025_09_02_160119_add_phone_to_users_table.php(14): Illuminate\\Support\\Facades\\Facade::__callStatic('table', Array)
#7 /Users/masastevanovic/Desktop/STEH/health-records-app/vendor/laravel/framework/src/Illuminate/Database/Migrations/Migrator.php(514): Illuminate\\Database\\Migrations\\Migration@anonymous->up()
#8 /Users/masastevanovic/Desktop/STEH/health-records-app/vendor/laravel/framework/src/Illuminate/Database/Migrations/Migrator.php(439): Illuminate\\Database\\Migrations\\Migrator->runMethod(Object(Illuminate\\Database\\SQLiteConnection), Object(Illuminate\\Database\\Migrations\\Migration@anonymous), 'up')
#9 /Users/masastevanovic/Desktop/STEH/health-records-app/vendor/laravel/framework/src/Illuminate/Database/Migrations/Migrator.php(448): Illuminate\\Database\\Migrations\\Migrator->{closure:Illuminate\\Database\\Migrations\\Migrator::runMigration():435}()
#10 /Users/masastevanovic/Desktop/STEH/health-records-app/vendor/laravel/framework/src/Illuminate/Database/Migrations/Migrator.php(250): Illuminate\\Database\\Migrations\\Migrator->runMigration(Object(Illuminate\\Database\\Migrations\\Migration@anonymous), 'up')
#11 /Users/masastevanovic/Desktop/STEH/health-records-app/vendor/laravel/framework/src/Illuminate/Console/View/Components/Task.php(41): Illuminate\\Database\\Migrations\\Migrator->{closure:Illuminate\\Database\\Migrations\\Migrator::runUp():250}()
#12 /Users/masastevanovic/Desktop/STEH/health-records-app/vendor/laravel/framework/src/Illuminate/Database/Migrations/Migrator.php(809): Illuminate\\Console\\View\\Components\\Task->render('2025_09_02_1601...', Object(Closure))
#13 /Users/masastevanovic/Desktop/STEH/health-records-app/vendor/laravel/framework/src/Illuminate/Database/Migrations/Migrator.php(250): Illuminate\\Database\\Migrations\\Migrator->write('Illuminate\\\\Cons...', '2025_09_02_1601...', Object(Closure))
#14 /Users/masastevanovic/Desktop/STEH/health-records-app/vendor/laravel/framework/src/Illuminate/Database/Migrations/Migrator.php(210): Illuminate\\Database\\Migrations\\Migrator->runUp('/Users/masastev...', 1, false)
#15 /Users/masastevanovic/Desktop/STEH/health-records-app/vendor/laravel/framework/src/Illuminate/Database/Migrations/Migrator.php(137): Illuminate\\Database\\Migrations\\Migrator->runPending(Array, Array)
#16 /Users/masastevanovic/Desktop/STEH/health-records-app/vendor/laravel/framework/src/Illuminate/Database/Console/Migrations/MigrateCommand.php(116): Illuminate\\Database\\Migrations\\Migrator->run(Array, Array)
#17 /Users/masastevanovic/Desktop/STEH/health-records-app/vendor/laravel/framework/src/Illuminate/Database/Migrations/Migrator.php(666): Illuminate\\Database\\Console\\Migrations\\MigrateCommand->{closure:Illuminate\\Database\\Console\\Migrations\\MigrateCommand::runMigrations():109}()
#18 /Users/masastevanovic/Desktop/STEH/health-records-app/vendor/laravel/framework/src/Illuminate/Database/Console/Migrations/MigrateCommand.php(109): Illuminate\\Database\\Migrations\\Migrator->usingConnection(NULL, Object(Closure))
#19 /Users/masastevanovic/Desktop/STEH/health-records-app/vendor/laravel/framework/src/Illuminate/Database/Console/Migrations/MigrateCommand.php(88): Illuminate\\Database\\Console\\Migrations\\MigrateCommand->runMigrations()
#20 /Users/masastevanovic/Desktop/STEH/health-records-app/vendor/laravel/framework/src/Illuminate/Container/BoundMethod.php(36): Illuminate\\Database\\Console\\Migrations\\MigrateCommand->handle()
#21 /Users/masastevanovic/Desktop/STEH/health-records-app/vendor/laravel/framework/src/Illuminate/Container/Util.php(43): Illuminate\\Container\\BoundMethod::{closure:Illuminate\\Container\\BoundMethod::call():35}()
#22 /Users/masastevanovic/Desktop/STEH/health-records-app/vendor/laravel/framework/src/Illuminate/Container/BoundMethod.php(96): Illuminate\\Container\\Util::unwrapIfClosure(Object(Closure))
#23 /Users/masastevanovic/Desktop/STEH/health-records-app/vendor/laravel/framework/src/Illuminate/Container/BoundMethod.php(35): Illuminate\\Container\\BoundMethod::callBoundMethod(Object(Illuminate\\Foundation\\Application), Array, Object(Closure))
#24 /Users/masastevanovic/Desktop/STEH/health-records-app/vendor/laravel/framework/src/Illuminate/Container/Container.php(836): Illuminate\\Container\\BoundMethod::call(Object(Illuminate\\Foundation\\Application), Array, Array, NULL)
#25 /Users/masastevanovic/Desktop/STEH/health-records-app/vendor/laravel/framework/src/Illuminate/Console/Command.php(211): Illuminate\\Container\\Container->call(Array)
#26 /Users/masastevanovic/Desktop/STEH/health-records-app/vendor/symfony/console/Command/Command.php(318): Illuminate\\Console\\Command->execute(Object(Symfony\\Component\\Console\\Input\\ArrayInput), Object(Illuminate\\Console\\OutputStyle))
#27 /Users/masastevanovic/Desktop/STEH/health-records-app/vendor/laravel/framework/src/Illuminate/Console/Command.php(180): Symfony\\Component\\Console\\Command\\Command->run(Object(Symfony\\Component\\Console\\Input\\ArrayInput), Object(Illuminate\\Console\\OutputStyle))
#28 /Users/masastevanovic/Desktop/STEH/health-records-app/vendor/laravel/framework/src/Illuminate/Console/Concerns/CallsCommands.php(68): Illuminate\\Console\\Command->run(Object(Symfony\\Component\\Console\\Input\\ArrayInput), Object(Illuminate\\Console\\OutputStyle))
#29 /Users/masastevanovic/Desktop/STEH/health-records-app/vendor/laravel/framework/src/Illuminate/Console/Concerns/CallsCommands.php(29): Illuminate\\Console\\Command->runCommand('migrate', Array, Object(Illuminate\\Console\\OutputStyle))
#30 /Users/masastevanovic/Desktop/STEH/health-records-app/vendor/laravel/framework/src/Illuminate/Database/Console/Migrations/FreshCommand.php(81): Illuminate\\Console\\Command->call('migrate', Array)
#31 /Users/masastevanovic/Desktop/STEH/health-records-app/vendor/laravel/framework/src/Illuminate/Container/BoundMethod.php(36): Illuminate\\Database\\Console\\Migrations\\FreshCommand->handle()
#32 /Users/masastevanovic/Desktop/STEH/health-records-app/vendor/laravel/framework/src/Illuminate/Container/Util.php(43): Illuminate\\Container\\BoundMethod::{closure:Illuminate\\Container\\BoundMethod::call():35}()
#33 /Users/masastevanovic/Desktop/STEH/health-records-app/vendor/laravel/framework/src/Illuminate/Container/BoundMethod.php(96): Illuminate\\Container\\Util::unwrapIfClosure(Object(Closure))
#34 /Users/masastevanovic/Desktop/STEH/health-records-app/vendor/laravel/framework/src/Illuminate/Container/BoundMethod.php(35): Illuminate\\Container\\BoundMethod::callBoundMethod(Object(Illuminate\\Foundation\\Application), Array, Object(Closure))
#35 /Users/masastevanovic/Desktop/STEH/health-records-app/vendor/laravel/framework/src/Illuminate/Container/Container.php(836): Illuminate\\Container\\BoundMethod::call(Object(Illuminate\\Foundation\\Application), Array, Array, NULL)
#36 /Users/masastevanovic/Desktop/STEH/health-records-app/vendor/laravel/framework/src/Illuminate/Console/Command.php(211): Illuminate\\Container\\Container->call(Array)
#37 /Users/masastevanovic/Desktop/STEH/health-records-app/vendor/symfony/console/Command/Command.php(318): Illuminate\\Console\\Command->execute(Object(Symfony\\Component\\Console\\Input\\ArgvInput), Object(Illuminate\\Console\\OutputStyle))
#38 /Users/masastevanovic/Desktop/STEH/health-records-app/vendor/laravel/framework/src/Illuminate/Console/Command.php(180): Symfony\\Component\\Console\\Command\\Command->run(Object(Symfony\\Component\\Console\\Input\\ArgvInput), Object(Illuminate\\Console\\OutputStyle))
#39 /Users/masastevanovic/Desktop/STEH/health-records-app/vendor/symfony/console/Application.php(1110): Illuminate\\Console\\Command->run(Object(Symfony\\Component\\Console\\Input\\ArgvInput), Object(Symfony\\Component\\Console\\Output\\ConsoleOutput))
#40 /Users/masastevanovic/Desktop/STEH/health-records-app/vendor/symfony/console/Application.php(359): Symfony\\Component\\Console\\Application->doRunCommand(Object(Illuminate\\Database\\Console\\Migrations\\FreshCommand), Object(Symfony\\Component\\Console\\Input\\ArgvInput), Object(Symfony\\Component\\Console\\Output\\ConsoleOutput))
#41 /Users/masastevanovic/Desktop/STEH/health-records-app/vendor/symfony/console/Application.php(194): Symfony\\Component\\Console\\Application->doRun(Object(Symfony\\Component\\Console\\Input\\ArgvInput), Object(Symfony\\Component\\Console\\Output\\ConsoleOutput))
#42 /Users/masastevanovic/Desktop/STEH/health-records-app/vendor/laravel/framework/src/Illuminate/Foundation/Console/Kernel.php(197): Symfony\\Component\\Console\\Application->run(Object(Symfony\\Component\\Console\\Input\\ArgvInput), Object(Symfony\\Component\\Console\\Output\\ConsoleOutput))
#43 /Users/masastevanovic/Desktop/STEH/health-records-app/vendor/laravel/framework/src/Illuminate/Foundation/Application.php(1235): Illuminate\\Foundation\\Console\\Kernel->handle(Object(Symfony\\Component\\Console\\Input\\ArgvInput), Object(Symfony\\Component\\Console\\Output\\ConsoleOutput))
#44 /Users/masastevanovic/Desktop/STEH/health-records-app/artisan(16): Illuminate\\Foundation\\Application->handleCommand(Object(Symfony\\Component\\Console\\Input\\ArgvInput))
#45 {main}

[previous exception] [object] (PDOException(code: HY000): SQLSTATE[HY000]: General error: 1 duplicate column name: phone at /Users/masastevanovic/Desktop/STEH/health-records-app/vendor/laravel/framework/src/Illuminate/Database/Connection.php:564)
[stacktrace]
#0 /Users/masastevanovic/Desktop/STEH/health-records-app/vendor/laravel/framework/src/Illuminate/Database/Connection.php(564): PDO->prepare('alter table \"us...')
#1 /Users/masastevanovic/Desktop/STEH/health-records-app/vendor/laravel/framework/src/Illuminate/Database/Connection.php(811): Illuminate\\Database\\Connection->{closure:Illuminate\\Database\\Connection::statement():559}('alter table \"us...', Array)
#2 /Users/masastevanovic/Desktop/STEH/health-records-app/vendor/laravel/framework/src/Illuminate/Database/Connection.php(778): Illuminate\\Database\\Connection->runQueryCallback('alter table \"us...', Array, Object(Closure))
#3 /Users/masastevanovic/Desktop/STEH/health-records-app/vendor/laravel/framework/src/Illuminate/Database/Connection.php(559): Illuminate\\Database\\Connection->run('alter table \"us...', Array, Object(Closure))
#4 /Users/masastevanovic/Desktop/STEH/health-records-app/vendor/laravel/framework/src/Illuminate/Database/Schema/Blueprint.php(121): Illuminate\\Database\\Connection->statement('alter table \"us...')
#5 /Users/masastevanovic/Desktop/STEH/health-records-app/vendor/laravel/framework/src/Illuminate/Database/Schema/Builder.php(618): Illuminate\\Database\\Schema\\Blueprint->build()
#6 /Users/masastevanovic/Desktop/STEH/health-records-app/vendor/laravel/framework/src/Illuminate/Database/Schema/Builder.php(460): Illuminate\\Database\\Schema\\Builder->build(Object(Illuminate\\Database\\Schema\\Blueprint))
#7 /Users/masastevanovic/Desktop/STEH/health-records-app/vendor/laravel/framework/src/Illuminate/Support/Facades/Facade.php(363): Illuminate\\Database\\Schema\\Builder->table('users', Object(Closure))
#8 /Users/masastevanovic/Desktop/STEH/health-records-app/database/migrations/2025_09_02_160119_add_phone_to_users_table.php(14): Illuminate\\Support\\Facades\\Facade::__callStatic('table', Array)
#9 /Users/masastevanovic/Desktop/STEH/health-records-app/vendor/laravel/framework/src/Illuminate/Database/Migrations/Migrator.php(514): Illuminate\\Database\\Migrations\\Migration@anonymous->up()
#10 /Users/masastevanovic/Desktop/STEH/health-records-app/vendor/laravel/framework/src/Illuminate/Database/Migrations/Migrator.php(439): Illuminate\\Database\\Migrations\\Migrator->runMethod(Object(Illuminate\\Database\\SQLiteConnection), Object(Illuminate\\Database\\Migrations\\Migration@anonymous), 'up')
#11 /Users/masastevanovic/Desktop/STEH/health-records-app/vendor/laravel/framework/src/Illuminate/Database/Migrations/Migrator.php(448): Illuminate\\Database\\Migrations\\Migrator->{closure:Illuminate\\Database\\Migrations\\Migrator::runMigration():435}()
#12 /Users/masastevanovic/Desktop/STEH/health-records-app/vendor/laravel/framework/src/Illuminate/Database/Migrations/Migrator.php(250): Illuminate\\Database\\Migrations\\Migrator->runMigration(Object(Illuminate\\Database\\Migrations\\Migration@anonymous), 'up')
#13 /Users/masastevanovic/Desktop/STEH/health-records-app/vendor/laravel/framework/src/Illuminate/Console/View/Components/Task.php(41): Illuminate\\Database\\Migrations\\Migrator->{closure:Illuminate\\Database\\Migrations\\Migrator::runUp():250}()
#14 /Users/masastevanovic/Desktop/STEH/health-records-app/vendor/laravel/framework/src/Illuminate/Database/Migrations/Migrator.php(809): Illuminate\\Console\\View\\Components\\Task->render('2025_09_02_1601...', Object(Closure))
#15 /Users/masastevanovic/Desktop/STEH/health-records-app/vendor/laravel/framework/src/Illuminate/Database/Migrations/Migrator.php(250): Illuminate\\Database\\Migrations\\Migrator->write('Illuminate\\\\Cons...', '2025_09_02_1601...', Object(Closure))
#16 /Users/masastevanovic/Desktop/STEH/health-records-app/vendor/laravel/framework/src/Illuminate/Database/Migrations/Migrator.php(210): Illuminate\\Database\\Migrations\\Migrator->runUp('/Users/masastev...', 1, false)
#17 /Users/masastevanovic/Desktop/STEH/health-records-app/vendor/laravel/framework/src/Illuminate/Database/Migrations/Migrator.php(137): Illuminate\\Database\\Migrations\\Migrator->runPending(Array, Array)
#18 /Users/masastevanovic/Desktop/STEH/health-records-app/vendor/laravel/framework/src/Illuminate/Database/Console/Migrations/MigrateCommand.php(116): Illuminate\\Database\\Migrations\\Migrator->run(Array, Array)
#19 /Users/masastevanovic/Desktop/STEH/health-records-app/vendor/laravel/framework/src/Illuminate/Database/Migrations/Migrator.php(666): Illuminate\\Database\\Console\\Migrations\\MigrateCommand->{closure:Illuminate\\Database\\Console\\Migrations\\MigrateCommand::runMigrations():109}()
#20 /Users/masastevanovic/Desktop/STEH/health-records-app/vendor/laravel/framework/src/Illuminate/Database/Console/Migrations/MigrateCommand.php(109): Illuminate\\Database\\Migrations\\Migrator->usingConnection(NULL, Object(Closure))
#21 /Users/masastevanovic/Desktop/STEH/health-records-app/vendor/laravel/framework/src/Illuminate/Database/Console/Migrations/MigrateCommand.php(88): Illuminate\\Database\\Console\\Migrations\\MigrateCommand->runMigrations()
#22 /Users/masastevanovic/Desktop/STEH/health-records-app/vendor/laravel/framework/src/Illuminate/Container/BoundMethod.php(36): Illuminate\\Database\\Console\\Migrations\\MigrateCommand->handle()
#23 /Users/masastevanovic/Desktop/STEH/health-records-app/vendor/laravel/framework/src/Illuminate/Container/Util.php(43): Illuminate\\Container\\BoundMethod::{closure:Illuminate\\Container\\BoundMethod::call():35}()
#24 /Users/masastevanovic/Desktop/STEH/health-records-app/vendor/laravel/framework/src/Illuminate/Container/BoundMethod.php(96): Illuminate\\Container\\Util::unwrapIfClosure(Object(Closure))
#25 /Users/masastevanovic/Desktop/STEH/health-records-app/vendor/laravel/framework/src/Illuminate/Container/BoundMethod.php(35): Illuminate\\Container\\BoundMethod::callBoundMethod(Object(Illuminate\\Foundation\\Application), Array, Object(Closure))
#26 /Users/masastevanovic/Desktop/STEH/health-records-app/vendor/laravel/framework/src/Illuminate/Container/Container.php(836): Illuminate\\Container\\BoundMethod::call(Object(Illuminate\\Foundation\\Application), Array, Array, NULL)
#27 /Users/masastevanovic/Desktop/STEH/health-records-app/vendor/laravel/framework/src/Illuminate/Console/Command.php(211): Illuminate\\Container\\Container->call(Array)
#28 /Users/masastevanovic/Desktop/STEH/health-records-app/vendor/symfony/console/Command/Command.php(318): Illuminate\\Console\\Command->execute(Object(Symfony\\Component\\Console\\Input\\ArrayInput), Object(Illuminate\\Console\\OutputStyle))
#29 /Users/masastevanovic/Desktop/STEH/health-records-app/vendor/laravel/framework/src/Illuminate/Console/Command.php(180): Symfony\\Component\\Console\\Command\\Command->run(Object(Symfony\\Component\\Console\\Input\\ArrayInput), Object(Illuminate\\Console\\OutputStyle))
#30 /Users/masastevanovic/Desktop/STEH/health-records-app/vendor/laravel/framework/src/Illuminate/Console/Concerns/CallsCommands.php(68): Illuminate\\Console\\Command->run(Object(Symfony\\Component\\Console\\Input\\ArrayInput), Object(Illuminate\\Console\\OutputStyle))
#31 /Users/masastevanovic/Desktop/STEH/health-records-app/vendor/laravel/framework/src/Illuminate/Console/Concerns/CallsCommands.php(29): Illuminate\\Console\\Command->runCommand('migrate', Array, Object(Illuminate\\Console\\OutputStyle))
#32 /Users/masastevanovic/Desktop/STEH/health-records-app/vendor/laravel/framework/src/Illuminate/Database/Console/Migrations/FreshCommand.php(81): Illuminate\\Console\\Command->call('migrate', Array)
#33 /Users/masastevanovic/Desktop/STEH/health-records-app/vendor/laravel/framework/src/Illuminate/Container/BoundMethod.php(36): Illuminate\\Database\\Console\\Migrations\\FreshCommand->handle()
#34 /Users/masastevanovic/Desktop/STEH/health-records-app/vendor/laravel/framework/src/Illuminate/Container/Util.php(43): Illuminate\\Container\\BoundMethod::{closure:Illuminate\\Container\\BoundMethod::call():35}()
#35 /Users/masastevanovic/Desktop/STEH/health-records-app/vendor/laravel/framework/src/Illuminate/Container/BoundMethod.php(96): Illuminate\\Container\\Util::unwrapIfClosure(Object(Closure))
#36 /Users/masastevanovic/Desktop/STEH/health-records-app/vendor/laravel/framework/src/Illuminate/Container/BoundMethod.php(35): Illuminate\\Container\\BoundMethod::callBoundMethod(Object(Illuminate\\Foundation\\Application), Array, Object(Closure))
#37 /Users/masastevanovic/Desktop/STEH/health-records-app/vendor/laravel/framework/src/Illuminate/Container/Container.php(836): Illuminate\\Container\\BoundMethod::call(Object(Illuminate\\Foundation\\Application), Array, Array, NULL)
#38 /Users/masastevanovic/Desktop/STEH/health-records-app/vendor/laravel/framework/src/Illuminate/Console/Command.php(211): Illuminate\\Container\\Container->call(Array)
#39 /Users/masastevanovic/Desktop/STEH/health-records-app/vendor/symfony/console/Command/Command.php(318): Illuminate\\Console\\Command->execute(Object(Symfony\\Component\\Console\\Input\\ArgvInput), Object(Illuminate\\Console\\OutputStyle))
#40 /Users/masastevanovic/Desktop/STEH/health-records-app/vendor/laravel/framework/src/Illuminate/Console/Command.php(180): Symfony\\Component\\Console\\Command\\Command->run(Object(Symfony\\Component\\Console\\Input\\ArgvInput), Object(Illuminate\\Console\\OutputStyle))
#41 /Users/masastevanovic/Desktop/STEH/health-records-app/vendor/symfony/console/Application.php(1110): Illuminate\\Console\\Command->run(Object(Symfony\\Component\\Console\\Input\\ArgvInput), Object(Symfony\\Component\\Console\\Output\\ConsoleOutput))
#42 /Users/masastevanovic/Desktop/STEH/health-records-app/vendor/symfony/console/Application.php(359): Symfony\\Component\\Console\\Application->doRunCommand(Object(Illuminate\\Database\\Console\\Migrations\\FreshCommand), Object(Symfony\\Component\\Console\\Input\\ArgvInput), Object(Symfony\\Component\\Console\\Output\\ConsoleOutput))
#43 /Users/masastevanovic/Desktop/STEH/health-records-app/vendor/symfony/console/Application.php(194): Symfony\\Component\\Console\\Application->doRun(Object(Symfony\\Component\\Console\\Input\\ArgvInput), Object(Symfony\\Component\\Console\\Output\\ConsoleOutput))
#44 /Users/masastevanovic/Desktop/STEH/health-records-app/vendor/laravel/framework/src/Illuminate/Foundation/Console/Kernel.php(197): Symfony\\Component\\Console\\Application->run(Object(Symfony\\Component\\Console\\Input\\ArgvInput), Object(Symfony\\Component\\Console\\Output\\ConsoleOutput))
#45 /Users/masastevanovic/Desktop/STEH/health-records-app/vendor/laravel/framework/src/Illuminate/Foundation/Application.php(1235): Illuminate\\Foundation\\Console\\Kernel->handle(Object(Symfony\\Component\\Console\\Input\\ArgvInput), Object(Symfony\\Component\\Console\\Output\\ConsoleOutput))
#46 /Users/masastevanovic/Desktop/STEH/health-records-app/artisan(16): Illuminate\\Foundation\\Application->handleCommand(Object(Symfony\\Component\\Console\\Input\\ArgvInput))
#47 {main}
"} 
[2025-09-02 16:13:05] local.ERROR: Method Illuminate\Database\Schema\Blueprint::check does not exist. {"exception":"[object] (BadMethodCallException(code: 0): Method Illuminate\\Database\\Schema\\Blueprint::check does not exist. at /Users/masastevanovic/Desktop/STEH/health-records-app/vendor/laravel/framework/src/Illuminate/Macroable/Traits/Macroable.php:115)
[stacktrace]
#0 /Users/masastevanovic/Desktop/STEH/health-records-app/database/migrations/2025_09_02_160218_add_constraints_to_appointments_table.php(15): Illuminate\\Database\\Schema\\Blueprint->__call('check', Array)
#1 /Users/masastevanovic/Desktop/STEH/health-records-app/vendor/laravel/framework/src/Illuminate/Database/Schema/Blueprint.php(109): Illuminate\\Database\\Migrations\\Migration@anonymous->{closure:Illuminate\\Database\\Migrations\\Migration@anonymous(Object(Illuminate\\Database\\Schema\\Blueprint))
#2 [internal function]: Illuminate\\Database\\Schema\\Blueprint->__construct(Object(Illuminate\\Database\\SQLiteConnection), 'appointments', Object(Closure))
#3 /Users/masastevanovic/Desktop/STEH/health-records-app/vendor/laravel/framework/src/Illuminate/Container/Container.php(1211): ReflectionClass->newInstanceArgs(Array)
#4 /Users/masastevanovic/Desktop/STEH/health-records-app/vendor/laravel/framework/src/Illuminate/Container/Container.php(972): Illuminate\\Container\\Container->build('Illuminate\\\\Data...')
#5 /Users/masastevanovic/Desktop/STEH/health-records-app/vendor/laravel/framework/src/Illuminate/Foundation/Application.php(1078): Illuminate\\Container\\Container->resolve('Illuminate\\\\Data...', Array, true)
#6 /Users/masastevanovic/Desktop/STEH/health-records-app/vendor/laravel/framework/src/Illuminate/Container/Container.php(903): Illuminate\\Foundation\\Application->resolve('Illuminate\\\\Data...', Array)
#7 /Users/masastevanovic/Desktop/STEH/health-records-app/vendor/laravel/framework/src/Illuminate/Foundation/Application.php(1058): Illuminate\\Container\\Container->make('Illuminate\\\\Data...', Array)
#8 /Users/masastevanovic/Desktop/STEH/health-records-app/vendor/laravel/framework/src/Illuminate/Database/Schema/Builder.php(636): Illuminate\\Foundation\\Application->make('Illuminate\\\\Data...', Array)
#9 /Users/masastevanovic/Desktop/STEH/health-records-app/vendor/laravel/framework/src/Illuminate/Database/Schema/Builder.php(460): Illuminate\\Database\\Schema\\Builder->createBlueprint('appointments', Object(Closure))
#10 /Users/masastevanovic/Desktop/STEH/health-records-app/vendor/laravel/framework/src/Illuminate/Support/Facades/Facade.php(363): Illuminate\\Database\\Schema\\Builder->table('appointments', Object(Closure))
#11 /Users/masastevanovic/Desktop/STEH/health-records-app/database/migrations/2025_09_02_160218_add_constraints_to_appointments_table.php(14): Illuminate\\Support\\Facades\\Facade::__callStatic('table', Array)
#12 /Users/masastevanovic/Desktop/STEH/health-records-app/vendor/laravel/framework/src/Illuminate/Database/Migrations/Migrator.php(514): Illuminate\\Database\\Migrations\\Migration@anonymous->up()
#13 /Users/masastevanovic/Desktop/STEH/health-records-app/vendor/laravel/framework/src/Illuminate/Database/Migrations/Migrator.php(439): Illuminate\\Database\\Migrations\\Migrator->runMethod(Object(Illuminate\\Database\\SQLiteConnection), Object(Illuminate\\Database\\Migrations\\Migration@anonymous), 'up')
#14 /Users/masastevanovic/Desktop/STEH/health-records-app/vendor/laravel/framework/src/Illuminate/Database/Migrations/Migrator.php(448): Illuminate\\Database\\Migrations\\Migrator->{closure:Illuminate\\Database\\Migrations\\Migrator::runMigration():435}()
#15 /Users/masastevanovic/Desktop/STEH/health-records-app/vendor/laravel/framework/src/Illuminate/Database/Migrations/Migrator.php(250): Illuminate\\Database\\Migrations\\Migrator->runMigration(Object(Illuminate\\Database\\Migrations\\Migration@anonymous), 'up')
#16 /Users/masastevanovic/Desktop/STEH/health-records-app/vendor/laravel/framework/src/Illuminate/Console/View/Components/Task.php(41): Illuminate\\Database\\Migrations\\Migrator->{closure:Illuminate\\Database\\Migrations\\Migrator::runUp():250}()
#17 /Users/masastevanovic/Desktop/STEH/health-records-app/vendor/laravel/framework/src/Illuminate/Database/Migrations/Migrator.php(809): Illuminate\\Console\\View\\Components\\Task->render('2025_09_02_1602...', Object(Closure))
#18 /Users/masastevanovic/Desktop/STEH/health-records-app/vendor/laravel/framework/src/Illuminate/Database/Migrations/Migrator.php(250): Illuminate\\Database\\Migrations\\Migrator->write('Illuminate\\\\Cons...', '2025_09_02_1602...', Object(Closure))
#19 /Users/masastevanovic/Desktop/STEH/health-records-app/vendor/laravel/framework/src/Illuminate/Database/Migrations/Migrator.php(210): Illuminate\\Database\\Migrations\\Migrator->runUp('/Users/masastev...', 1, false)
#20 /Users/masastevanovic/Desktop/STEH/health-records-app/vendor/laravel/framework/src/Illuminate/Database/Migrations/Migrator.php(137): Illuminate\\Database\\Migrations\\Migrator->runPending(Array, Array)
#21 /Users/masastevanovic/Desktop/STEH/health-records-app/vendor/laravel/framework/src/Illuminate/Database/Console/Migrations/MigrateCommand.php(116): Illuminate\\Database\\Migrations\\Migrator->run(Array, Array)
#22 /Users/masastevanovic/Desktop/STEH/health-records-app/vendor/laravel/framework/src/Illuminate/Database/Migrations/Migrator.php(666): Illuminate\\Database\\Console\\Migrations\\MigrateCommand->{closure:Illuminate\\Database\\Console\\Migrations\\MigrateCommand::runMigrations():109}()
#23 /Users/masastevanovic/Desktop/STEH/health-records-app/vendor/laravel/framework/src/Illuminate/Database/Console/Migrations/MigrateCommand.php(109): Illuminate\\Database\\Migrations\\Migrator->usingConnection(NULL, Object(Closure))
#24 /Users/masastevanovic/Desktop/STEH/health-records-app/vendor/laravel/framework/src/Illuminate/Database/Console/Migrations/MigrateCommand.php(88): Illuminate\\Database\\Console\\Migrations\\MigrateCommand->runMigrations()
#25 /Users/masastevanovic/Desktop/STEH/health-records-app/vendor/laravel/framework/src/Illuminate/Container/BoundMethod.php(36): Illuminate\\Database\\Console\\Migrations\\MigrateCommand->handle()
#26 /Users/masastevanovic/Desktop/STEH/health-records-app/vendor/laravel/framework/src/Illuminate/Container/Util.php(43): Illuminate\\Container\\BoundMethod::{closure:Illuminate\\Container\\BoundMethod::call():35}()
#27 /Users/masastevanovic/Desktop/STEH/health-records-app/vendor/laravel/framework/src/Illuminate/Container/BoundMethod.php(96): Illuminate\\Container\\Util::unwrapIfClosure(Object(Closure))
#28 /Users/masastevanovic/Desktop/STEH/health-records-app/vendor/laravel/framework/src/Illuminate/Container/BoundMethod.php(35): Illuminate\\Container\\BoundMethod::callBoundMethod(Object(Illuminate\\Foundation\\Application), Array, Object(Closure))
#29 /Users/masastevanovic/Desktop/STEH/health-records-app/vendor/laravel/framework/src/Illuminate/Container/Container.php(836): Illuminate\\Container\\BoundMethod::call(Object(Illuminate\\Foundation\\Application), Array, Array, NULL)
#30 /Users/masastevanovic/Desktop/STEH/health-records-app/vendor/laravel/framework/src/Illuminate/Console/Command.php(211): Illuminate\\Container\\Container->call(Array)
#31 /Users/masastevanovic/Desktop/STEH/health-records-app/vendor/symfony/console/Command/Command.php(318): Illuminate\\Console\\Command->execute(Object(Symfony\\Component\\Console\\Input\\ArrayInput), Object(Illuminate\\Console\\OutputStyle))
#32 /Users/masastevanovic/Desktop/STEH/health-records-app/vendor/laravel/framework/src/Illuminate/Console/Command.php(180): Symfony\\Component\\Console\\Command\\Command->run(Object(Symfony\\Component\\Console\\Input\\ArrayInput), Object(Illuminate\\Console\\OutputStyle))
#33 /Users/masastevanovic/Desktop/STEH/health-records-app/vendor/laravel/framework/src/Illuminate/Console/Concerns/CallsCommands.php(68): Illuminate\\Console\\Command->run(Object(Symfony\\Component\\Console\\Input\\ArrayInput), Object(Illuminate\\Console\\OutputStyle))
#34 /Users/masastevanovic/Desktop/STEH/health-records-app/vendor/laravel/framework/src/Illuminate/Console/Concerns/CallsCommands.php(29): Illuminate\\Console\\Command->runCommand('migrate', Array, Object(Illuminate\\Console\\OutputStyle))
#35 /Users/masastevanovic/Desktop/STEH/health-records-app/vendor/laravel/framework/src/Illuminate/Database/Console/Migrations/FreshCommand.php(81): Illuminate\\Console\\Command->call('migrate', Array)
#36 /Users/masastevanovic/Desktop/STEH/health-records-app/vendor/laravel/framework/src/Illuminate/Container/BoundMethod.php(36): Illuminate\\Database\\Console\\Migrations\\FreshCommand->handle()
#37 /Users/masastevanovic/Desktop/STEH/health-records-app/vendor/laravel/framework/src/Illuminate/Container/Util.php(43): Illuminate\\Container\\BoundMethod::{closure:Illuminate\\Container\\BoundMethod::call():35}()
#38 /Users/masastevanovic/Desktop/STEH/health-records-app/vendor/laravel/framework/src/Illuminate/Container/BoundMethod.php(96): Illuminate\\Container\\Util::unwrapIfClosure(Object(Closure))
#39 /Users/masastevanovic/Desktop/STEH/health-records-app/vendor/laravel/framework/src/Illuminate/Container/BoundMethod.php(35): Illuminate\\Container\\BoundMethod::callBoundMethod(Object(Illuminate\\Foundation\\Application), Array, Object(Closure))
#40 /Users/masastevanovic/Desktop/STEH/health-records-app/vendor/laravel/framework/src/Illuminate/Container/Container.php(836): Illuminate\\Container\\BoundMethod::call(Object(Illuminate\\Foundation\\Application), Array, Array, NULL)
#41 /Users/masastevanovic/Desktop/STEH/health-records-app/vendor/laravel/framework/src/Illuminate/Console/Command.php(211): Illuminate\\Container\\Container->call(Array)
#42 /Users/masastevanovic/Desktop/STEH/health-records-app/vendor/symfony/console/Command/Command.php(318): Illuminate\\Console\\Command->execute(Object(Symfony\\Component\\Console\\Input\\ArgvInput), Object(Illuminate\\Console\\OutputStyle))
#43 /Users/masastevanovic/Desktop/STEH/health-records-app/vendor/laravel/framework/src/Illuminate/Console/Command.php(180): Symfony\\Component\\Console\\Command\\Command->run(Object(Symfony\\Component\\Console\\Input\\ArgvInput), Object(Illuminate\\Console\\OutputStyle))
#44 /Users/masastevanovic/Desktop/STEH/health-records-app/vendor/symfony/console/Application.php(1110): Illuminate\\Console\\Command->run(Object(Symfony\\Component\\Console\\Input\\ArgvInput), Object(Symfony\\Component\\Console\\Output\\ConsoleOutput))
#45 /Users/masastevanovic/Desktop/STEH/health-records-app/vendor/symfony/console/Application.php(359): Symfony\\Component\\Console\\Application->doRunCommand(Object(Illuminate\\Database\\Console\\Migrations\\FreshCommand), Object(Symfony\\Component\\Console\\Input\\ArgvInput), Object(Symfony\\Component\\Console\\Output\\ConsoleOutput))
#46 /Users/masastevanovic/Desktop/STEH/health-records-app/vendor/symfony/console/Application.php(194): Symfony\\Component\\Console\\Application->doRun(Object(Symfony\\Component\\Console\\Input\\ArgvInput), Object(Symfony\\Component\\Console\\Output\\ConsoleOutput))
#47 /Users/masastevanovic/Desktop/STEH/health-records-app/vendor/laravel/framework/src/Illuminate/Foundation/Console/Kernel.php(197): Symfony\\Component\\Console\\Application->run(Object(Symfony\\Component\\Console\\Input\\ArgvInput), Object(Symfony\\Component\\Console\\Output\\ConsoleOutput))
#48 /Users/masastevanovic/Desktop/STEH/health-records-app/vendor/laravel/framework/src/Illuminate/Foundation/Application.php(1235): Illuminate\\Foundation\\Console\\Kernel->handle(Object(Symfony\\Component\\Console\\Input\\ArgvInput), Object(Symfony\\Component\\Console\\Output\\ConsoleOutput))
#49 /Users/masastevanovic/Desktop/STEH/health-records-app/artisan(16): Illuminate\\Foundation\\Application->handleCommand(Object(Symfony\\Component\\Console\\Input\\ArgvInput))
#50 {main}
"} 
[2025-09-02 16:13:31] local.ERROR: SQLSTATE[HY000]: General error: 1 table users has no column named remember_token (Connection: sqlite, SQL: insert into "users" ("name", "email", "email_verified_at", "password", "role", "phone", "date_of_birth", "address", "remember_token", "updated_at", "created_at") values (Admin User, admin@health.com, 2025-09-02 16:13:30, $2y$12$azw3sQhQGQfw0c2CDorzTuSbbe2JWhCN7BWFY1fOBkIaeMcuGRURW, admin, (386) 360-6966, ?, 2514 Coleman Overpass
Lake Madgeshire, KS 88656, Vsu0rhS9iJ, 2025-09-02 16:13:31, 2025-09-02 16:13:31)) {"exception":"[object] (Illuminate\\Database\\QueryException(code: HY000): SQLSTATE[HY000]: General error: 1 table users has no column named remember_token (Connection: sqlite, SQL: insert into \"users\" (\"name\", \"email\", \"email_verified_at\", \"password\", \"role\", \"phone\", \"date_of_birth\", \"address\", \"remember_token\", \"updated_at\", \"created_at\") values (Admin User, admin@health.com, 2025-09-02 16:13:30, $2y$12$azw3sQhQGQfw0c2CDorzTuSbbe2JWhCN7BWFY1fOBkIaeMcuGRURW, admin, (386) 360-6966, ?, 2514 Coleman Overpass
Lake Madgeshire, KS 88656, Vsu0rhS9iJ, 2025-09-02 16:13:31, 2025-09-02 16:13:31)) at /Users/masastevanovic/Desktop/STEH/health-records-app/vendor/laravel/framework/src/Illuminate/Database/Connection.php:824)
[stacktrace]
#0 /Users/masastevanovic/Desktop/STEH/health-records-app/vendor/laravel/framework/src/Illuminate/Database/Connection.php(778): Illuminate\\Database\\Connection->runQueryCallback('insert into \"us...', Array, Object(Closure))
#1 /Users/masastevanovic/Desktop/STEH/health-records-app/vendor/laravel/framework/src/Illuminate/Database/Connection.php(559): Illuminate\\Database\\Connection->run('insert into \"us...', Array, Object(Closure))
#2 /Users/masastevanovic/Desktop/STEH/health-records-app/vendor/laravel/framework/src/Illuminate/Database/Connection.php(523): Illuminate\\Database\\Connection->statement('insert into \"us...', Array)
#3 /Users/masastevanovic/Desktop/STEH/health-records-app/vendor/laravel/framework/src/Illuminate/Database/Query/Processors/Processor.php(32): Illuminate\\Database\\Connection->insert('insert into \"us...', Array)
#4 /Users/masastevanovic/Desktop/STEH/health-records-app/vendor/laravel/framework/src/Illuminate/Database/Query/Builder.php(3853): Illuminate\\Database\\Query\\Processors\\Processor->processInsertGetId(Object(Illuminate\\Database\\Query\\Builder), 'insert into \"us...', Array, 'id')
#5 /Users/masastevanovic/Desktop/STEH/health-records-app/vendor/laravel/framework/src/Illuminate/Database/Eloquent/Builder.php(2220): Illuminate\\Database\\Query\\Builder->insertGetId(Array, 'id')
#6 /Users/masastevanovic/Desktop/STEH/health-records-app/vendor/laravel/framework/src/Illuminate/Database/Eloquent/Model.php(1434): Illuminate\\Database\\Eloquent\\Builder->__call('insertGetId', Array)
#7 /Users/masastevanovic/Desktop/STEH/health-records-app/vendor/laravel/framework/src/Illuminate/Database/Eloquent/Model.php(1399): Illuminate\\Database\\Eloquent\\Model->insertAndSetId(Object(Illuminate\\Database\\Eloquent\\Builder), Array)
#8 /Users/masastevanovic/Desktop/STEH/health-records-app/vendor/laravel/framework/src/Illuminate/Database/Eloquent/Model.php(1238): Illuminate\\Database\\Eloquent\\Model->performInsert(Object(Illuminate\\Database\\Eloquent\\Builder))
#9 /Users/masastevanovic/Desktop/STEH/health-records-app/vendor/laravel/framework/src/Illuminate/Database/Eloquent/Factories/Factory.php(367): Illuminate\\Database\\Eloquent\\Model->save()
#10 /Users/masastevanovic/Desktop/STEH/health-records-app/vendor/laravel/framework/src/Illuminate/Collections/Traits/EnumeratesValues.php(271): Illuminate\\Database\\Eloquent\\Factories\\Factory->{closure:Illuminate\\Database\\Eloquent\\Factories\\Factory::store():362}(Object(App\\Models\\User), 0)
#11 /Users/masastevanovic/Desktop/STEH/health-records-app/vendor/laravel/framework/src/Illuminate/Database/Eloquent/Factories/Factory.php(362): Illuminate\\Support\\Collection->each(Object(Closure))
#12 /Users/masastevanovic/Desktop/STEH/health-records-app/vendor/laravel/framework/src/Illuminate/Database/Eloquent/Factories/Factory.php(318): Illuminate\\Database\\Eloquent\\Factories\\Factory->store(Object(Illuminate\\Support\\Collection))
#13 /Users/masastevanovic/Desktop/STEH/health-records-app/vendor/laravel/framework/src/Illuminate/Database/Eloquent/Factories/Factory.php(312): Illuminate\\Database\\Eloquent\\Factories\\Factory->create(Array, NULL)
#14 /Users/masastevanovic/Desktop/STEH/health-records-app/database/seeders/DatabaseSeeder.php(17): Illuminate\\Database\\Eloquent\\Factories\\Factory->create(Array)
#15 /Users/masastevanovic/Desktop/STEH/health-records-app/vendor/laravel/framework/src/Illuminate/Container/BoundMethod.php(36): Database\\Seeders\\DatabaseSeeder->run()
#16 /Users/masastevanovic/Desktop/STEH/health-records-app/vendor/laravel/framework/src/Illuminate/Container/Util.php(43): Illuminate\\Container\\BoundMethod::{closure:Illuminate\\Container\\BoundMethod::call():35}()
#17 /Users/masastevanovic/Desktop/STEH/health-records-app/vendor/laravel/framework/src/Illuminate/Container/BoundMethod.php(96): Illuminate\\Container\\Util::unwrapIfClosure(Object(Closure))
#18 /Users/masastevanovic/Desktop/STEH/health-records-app/vendor/laravel/framework/src/Illuminate/Container/BoundMethod.php(35): Illuminate\\Container\\BoundMethod::callBoundMethod(Object(Illuminate\\Foundation\\Application), Array, Object(Closure))
#19 /Users/masastevanovic/Desktop/STEH/health-records-app/vendor/laravel/framework/src/Illuminate/Container/Container.php(836): Illuminate\\Container\\BoundMethod::call(Object(Illuminate\\Foundation\\Application), Array, Array, NULL)
#20 /Users/masastevanovic/Desktop/STEH/health-records-app/vendor/laravel/framework/src/Illuminate/Database/Seeder.php(188): Illuminate\\Container\\Container->call(Array, Array)
#21 /Users/masastevanovic/Desktop/STEH/health-records-app/vendor/laravel/framework/src/Illuminate/Database/Seeder.php(197): Illuminate\\Database\\Seeder->{closure:Illuminate\\Database\\Seeder::__invoke():187}()
#22 /Users/masastevanovic/Desktop/STEH/health-records-app/vendor/laravel/framework/src/Illuminate/Database/Console/Seeds/SeedCommand.php(71): Illuminate\\Database\\Seeder->__invoke()
#23 /Users/masastevanovic/Desktop/STEH/health-records-app/vendor/laravel/framework/src/Illuminate/Database/Eloquent/Concerns/GuardsAttributes.php(157): Illuminate\\Database\\Console\\Seeds\\SeedCommand->{closure:Illuminate\\Database\\Console\\Seeds\\SeedCommand::handle():70}()
#24 /Users/masastevanovic/Desktop/STEH/health-records-app/vendor/laravel/framework/src/Illuminate/Database/Console/Seeds/SeedCommand.php(70): Illuminate\\Database\\Eloquent\\Model::unguarded(Object(Closure))
#25 /Users/masastevanovic/Desktop/STEH/health-records-app/vendor/laravel/framework/src/Illuminate/Container/BoundMethod.php(36): Illuminate\\Database\\Console\\Seeds\\SeedCommand->handle()
#26 /Users/masastevanovic/Desktop/STEH/health-records-app/vendor/laravel/framework/src/Illuminate/Container/Util.php(43): Illuminate\\Container\\BoundMethod::{closure:Illuminate\\Container\\BoundMethod::call():35}()
#27 /Users/masastevanovic/Desktop/STEH/health-records-app/vendor/laravel/framework/src/Illuminate/Container/BoundMethod.php(96): Illuminate\\Container\\Util::unwrapIfClosure(Object(Closure))
#28 /Users/masastevanovic/Desktop/STEH/health-records-app/vendor/laravel/framework/src/Illuminate/Container/BoundMethod.php(35): Illuminate\\Container\\BoundMethod::callBoundMethod(Object(Illuminate\\Foundation\\Application), Array, Object(Closure))
#29 /Users/masastevanovic/Desktop/STEH/health-records-app/vendor/laravel/framework/src/Illuminate/Container/Container.php(836): Illuminate\\Container\\BoundMethod::call(Object(Illuminate\\Foundation\\Application), Array, Array, NULL)
#30 /Users/masastevanovic/Desktop/STEH/health-records-app/vendor/laravel/framework/src/Illuminate/Console/Command.php(211): Illuminate\\Container\\Container->call(Array)
#31 /Users/masastevanovic/Desktop/STEH/health-records-app/vendor/symfony/console/Command/Command.php(318): Illuminate\\Console\\Command->execute(Object(Symfony\\Component\\Console\\Input\\ArgvInput), Object(Illuminate\\Console\\OutputStyle))
#32 /Users/masastevanovic/Desktop/STEH/health-records-app/vendor/laravel/framework/src/Illuminate/Console/Command.php(180): Symfony\\Component\\Console\\Command\\Command->run(Object(Symfony\\Component\\Console\\Input\\ArgvInput), Object(Illuminate\\Console\\OutputStyle))
#33 /Users/masastevanovic/Desktop/STEH/health-records-app/vendor/symfony/console/Application.php(1110): Illuminate\\Console\\Command->run(Object(Symfony\\Component\\Console\\Input\\ArgvInput), Object(Symfony\\Component\\Console\\Output\\ConsoleOutput))
#34 /Users/masastevanovic/Desktop/STEH/health-records-app/vendor/symfony/console/Application.php(359): Symfony\\Component\\Console\\Application->doRunCommand(Object(Illuminate\\Database\\Console\\Seeds\\SeedCommand), Object(Symfony\\Component\\Console\\Input\\ArgvInput), Object(Symfony\\Component\\Console\\Output\\ConsoleOutput))
#35 /Users/masastevanovic/Desktop/STEH/health-records-app/vendor/symfony/console/Application.php(194): Symfony\\Component\\Console\\Application->doRun(Object(Symfony\\Component\\Console\\Input\\ArgvInput), Object(Symfony\\Component\\Console\\Output\\ConsoleOutput))
#36 /Users/masastevanovic/Desktop/STEH/health-records-app/vendor/laravel/framework/src/Illuminate/Foundation/Console/Kernel.php(197): Symfony\\Component\\Console\\Application->run(Object(Symfony\\Component\\Console\\Input\\ArgvInput), Object(Symfony\\Component\\Console\\Output\\ConsoleOutput))
#37 /Users/masastevanovic/Desktop/STEH/health-records-app/vendor/laravel/framework/src/Illuminate/Foundation/Application.php(1235): Illuminate\\Foundation\\Console\\Kernel->handle(Object(Symfony\\Component\\Console\\Input\\ArgvInput), Object(Symfony\\Component\\Console\\Output\\ConsoleOutput))
#38 /Users/masastevanovic/Desktop/STEH/health-records-app/artisan(16): Illuminate\\Foundation\\Application->handleCommand(Object(Symfony\\Component\\Console\\Input\\ArgvInput))
#39 {main}

[previous exception] [object] (PDOException(code: HY000): SQLSTATE[HY000]: General error: 1 table users has no column named remember_token at /Users/masastevanovic/Desktop/STEH/health-records-app/vendor/laravel/framework/src/Illuminate/Database/Connection.php:564)
[stacktrace]
#0 /Users/masastevanovic/Desktop/STEH/health-records-app/vendor/laravel/framework/src/Illuminate/Database/Connection.php(564): PDO->prepare('insert into \"us...')
#1 /Users/masastevanovic/Desktop/STEH/health-records-app/vendor/laravel/framework/src/Illuminate/Database/Connection.php(811): Illuminate\\Database\\Connection->{closure:Illuminate\\Database\\Connection::statement():559}('insert into \"us...', Array)
#2 /Users/masastevanovic/Desktop/STEH/health-records-app/vendor/laravel/framework/src/Illuminate/Database/Connection.php(778): Illuminate\\Database\\Connection->runQueryCallback('insert into \"us...', Array, Object(Closure))
#3 /Users/masastevanovic/Desktop/STEH/health-records-app/vendor/laravel/framework/src/Illuminate/Database/Connection.php(559): Illuminate\\Database\\Connection->run('insert into \"us...', Array, Object(Closure))
#4 /Users/masastevanovic/Desktop/STEH/health-records-app/vendor/laravel/framework/src/Illuminate/Database/Connection.php(523): Illuminate\\Database\\Connection->statement('insert into \"us...', Array)
#5 /Users/masastevanovic/Desktop/STEH/health-records-app/vendor/laravel/framework/src/Illuminate/Database/Query/Processors/Processor.php(32): Illuminate\\Database\\Connection->insert('insert into \"us...', Array)
#6 /Users/masastevanovic/Desktop/STEH/health-records-app/vendor/laravel/framework/src/Illuminate/Database/Query/Builder.php(3853): Illuminate\\Database\\Query\\Processors\\Processor->processInsertGetId(Object(Illuminate\\Database\\Query\\Builder), 'insert into \"us...', Array, 'id')
#7 /Users/masastevanovic/Desktop/STEH/health-records-app/vendor/laravel/framework/src/Illuminate/Database/Eloquent/Builder.php(2220): Illuminate\\Database\\Query\\Builder->insertGetId(Array, 'id')
#8 /Users/masastevanovic/Desktop/STEH/health-records-app/vendor/laravel/framework/src/Illuminate/Database/Eloquent/Model.php(1434): Illuminate\\Database\\Eloquent\\Builder->__call('insertGetId', Array)
#9 /Users/masastevanovic/Desktop/STEH/health-records-app/vendor/laravel/framework/src/Illuminate/Database/Eloquent/Model.php(1399): Illuminate\\Database\\Eloquent\\Model->insertAndSetId(Object(Illuminate\\Database\\Eloquent\\Builder), Array)
#10 /Users/masastevanovic/Desktop/STEH/health-records-app/vendor/laravel/framework/src/Illuminate/Database/Eloquent/Model.php(1238): Illuminate\\Database\\Eloquent\\Model->performInsert(Object(Illuminate\\Database\\Eloquent\\Builder))
#11 /Users/masastevanovic/Desktop/STEH/health-records-app/vendor/laravel/framework/src/Illuminate/Database/Eloquent/Factories/Factory.php(367): Illuminate\\Database\\Eloquent\\Model->save()
#12 /Users/masastevanovic/Desktop/STEH/health-records-app/vendor/laravel/framework/src/Illuminate/Collections/Traits/EnumeratesValues.php(271): Illuminate\\Database\\Eloquent\\Factories\\Factory->{closure:Illuminate\\Database\\Eloquent\\Factories\\Factory::store():362}(Object(App\\Models\\User), 0)
#13 /Users/masastevanovic/Desktop/STEH/health-records-app/vendor/laravel/framework/src/Illuminate/Database/Eloquent/Factories/Factory.php(362): Illuminate\\Support\\Collection->each(Object(Closure))
#14 /Users/masastevanovic/Desktop/STEH/health-records-app/vendor/laravel/framework/src/Illuminate/Database/Eloquent/Factories/Factory.php(318): Illuminate\\Database\\Eloquent\\Factories\\Factory->store(Object(Illuminate\\Support\\Collection))
#15 /Users/masastevanovic/Desktop/STEH/health-records-app/vendor/laravel/framework/src/Illuminate/Database/Eloquent/Factories/Factory.php(312): Illuminate\\Database\\Eloquent\\Factories\\Factory->create(Array, NULL)
#16 /Users/masastevanovic/Desktop/STEH/health-records-app/database/seeders/DatabaseSeeder.php(17): Illuminate\\Database\\Eloquent\\Factories\\Factory->create(Array)
#17 /Users/masastevanovic/Desktop/STEH/health-records-app/vendor/laravel/framework/src/Illuminate/Container/BoundMethod.php(36): Database\\Seeders\\DatabaseSeeder->run()
#18 /Users/masastevanovic/Desktop/STEH/health-records-app/vendor/laravel/framework/src/Illuminate/Container/Util.php(43): Illuminate\\Container\\BoundMethod::{closure:Illuminate\\Container\\BoundMethod::call():35}()
#19 /Users/masastevanovic/Desktop/STEH/health-records-app/vendor/laravel/framework/src/Illuminate/Container/BoundMethod.php(96): Illuminate\\Container\\Util::unwrapIfClosure(Object(Closure))
#20 /Users/masastevanovic/Desktop/STEH/health-records-app/vendor/laravel/framework/src/Illuminate/Container/BoundMethod.php(35): Illuminate\\Container\\BoundMethod::callBoundMethod(Object(Illuminate\\Foundation\\Application), Array, Object(Closure))
#21 /Users/masastevanovic/Desktop/STEH/health-records-app/vendor/laravel/framework/src/Illuminate/Container/Container.php(836): Illuminate\\Container\\BoundMethod::call(Object(Illuminate\\Foundation\\Application), Array, Array, NULL)
#22 /Users/masastevanovic/Desktop/STEH/health-records-app/vendor/laravel/framework/src/Illuminate/Database/Seeder.php(188): Illuminate\\Container\\Container->call(Array, Array)
#23 /Users/masastevanovic/Desktop/STEH/health-records-app/vendor/laravel/framework/src/Illuminate/Database/Seeder.php(197): Illuminate\\Database\\Seeder->{closure:Illuminate\\Database\\Seeder::__invoke():187}()
#24 /Users/masastevanovic/Desktop/STEH/health-records-app/vendor/laravel/framework/src/Illuminate/Database/Console/Seeds/SeedCommand.php(71): Illuminate\\Database\\Seeder->__invoke()
#25 /Users/masastevanovic/Desktop/STEH/health-records-app/vendor/laravel/framework/src/Illuminate/Database/Eloquent/Concerns/GuardsAttributes.php(157): Illuminate\\Database\\Console\\Seeds\\SeedCommand->{closure:Illuminate\\Database\\Console\\Seeds\\SeedCommand::handle():70}()
#26 /Users/masastevanovic/Desktop/STEH/health-records-app/vendor/laravel/framework/src/Illuminate/Database/Console/Seeds/SeedCommand.php(70): Illuminate\\Database\\Eloquent\\Model::unguarded(Object(Closure))
#27 /Users/masastevanovic/Desktop/STEH/health-records-app/vendor/laravel/framework/src/Illuminate/Container/BoundMethod.php(36): Illuminate\\Database\\Console\\Seeds\\SeedCommand->handle()
#28 /Users/masastevanovic/Desktop/STEH/health-records-app/vendor/laravel/framework/src/Illuminate/Container/Util.php(43): Illuminate\\Container\\BoundMethod::{closure:Illuminate\\Container\\BoundMethod::call():35}()
#29 /Users/masastevanovic/Desktop/STEH/health-records-app/vendor/laravel/framework/src/Illuminate/Container/BoundMethod.php(96): Illuminate\\Container\\Util::unwrapIfClosure(Object(Closure))
#30 /Users/masastevanovic/Desktop/STEH/health-records-app/vendor/laravel/framework/src/Illuminate/Container/BoundMethod.php(35): Illuminate\\Container\\BoundMethod::callBoundMethod(Object(Illuminate\\Foundation\\Application), Array, Object(Closure))
#31 /Users/masastevanovic/Desktop/STEH/health-records-app/vendor/laravel/framework/src/Illuminate/Container/Container.php(836): Illuminate\\Container\\BoundMethod::call(Object(Illuminate\\Foundation\\Application), Array, Array, NULL)
#32 /Users/masastevanovic/Desktop/STEH/health-records-app/vendor/laravel/framework/src/Illuminate/Console/Command.php(211): Illuminate\\Container\\Container->call(Array)
#33 /Users/masastevanovic/Desktop/STEH/health-records-app/vendor/symfony/console/Command/Command.php(318): Illuminate\\Console\\Command->execute(Object(Symfony\\Component\\Console\\Input\\ArgvInput), Object(Illuminate\\Console\\OutputStyle))
#34 /Users/masastevanovic/Desktop/STEH/health-records-app/vendor/laravel/framework/src/Illuminate/Console/Command.php(180): Symfony\\Component\\Console\\Command\\Command->run(Object(Symfony\\Component\\Console\\Input\\ArgvInput), Object(Illuminate\\Console\\OutputStyle))
#35 /Users/masastevanovic/Desktop/STEH/health-records-app/vendor/symfony/console/Application.php(1110): Illuminate\\Console\\Command->run(Object(Symfony\\Component\\Console\\Input\\ArgvInput), Object(Symfony\\Component\\Console\\Output\\ConsoleOutput))
#36 /Users/masastevanovic/Desktop/STEH/health-records-app/vendor/symfony/console/Application.php(359): Symfony\\Component\\Console\\Application->doRunCommand(Object(Illuminate\\Database\\Console\\Seeds\\SeedCommand), Object(Symfony\\Component\\Console\\Input\\ArgvInput), Object(Symfony\\Component\\Console\\Output\\ConsoleOutput))
#37 /Users/masastevanovic/Desktop/STEH/health-records-app/vendor/symfony/console/Application.php(194): Symfony\\Component\\Console\\Application->doRun(Object(Symfony\\Component\\Console\\Input\\ArgvInput), Object(Symfony\\Component\\Console\\Output\\ConsoleOutput))
#38 /Users/masastevanovic/Desktop/STEH/health-records-app/vendor/laravel/framework/src/Illuminate/Foundation/Console/Kernel.php(197): Symfony\\Component\\Console\\Application->run(Object(Symfony\\Component\\Console\\Input\\ArgvInput), Object(Symfony\\Component\\Console\\Output\\ConsoleOutput))
#39 /Users/masastevanovic/Desktop/STEH/health-records-app/vendor/laravel/framework/src/Illuminate/Foundation/Application.php(1235): Illuminate\\Foundation\\Console\\Kernel->handle(Object(Symfony\\Component\\Console\\Input\\ArgvInput), Object(Symfony\\Component\\Console\\Output\\ConsoleOutput))
#40 /Users/masastevanovic/Desktop/STEH/health-records-app/artisan(16): Illuminate\\Foundation\\Application->handleCommand(Object(Symfony\\Component\\Console\\Input\\ArgvInput))
#41 {main}
"} 
[2025-09-02 16:13:55] local.ERROR: Trait "App\Models\HasFactory" not found {"exception":"[object] (Symfony\\Component\\ErrorHandler\\Error\\FatalError(code: 0): Trait \"App\\Models\\HasFactory\" not found at /Users/masastevanovic/Desktop/STEH/health-records-app/app/Models/Patient.php:7)
[stacktrace]
#0 {main}
"} 
[2025-09-02 16:15:55] local.ERROR: SQLSTATE[23000]: Integrity constraint violation: 19 UNIQUE constraint failed: users.email (Connection: sqlite, SQL: insert into "users" ("name", "email", "email_verified_at", "password", "role", "phone", "date_of_birth", "address", "updated_at", "created_at") values (Admin User, admin@health.com, 2025-09-02 16:15:55, $2y$12$E4K0lskBbi83wRp6xCZ26uERq8j4LPfol5ftKrGs9YN1ByZaxCk5G, admin, (260) 863-6177, 1970-05-17 00:00:00, ?, 2025-09-02 16:15:55, 2025-09-02 16:15:55)) {"exception":"[object] (Illuminate\\Database\\UniqueConstraintViolationException(code: 23000): SQLSTATE[23000]: Integrity constraint violation: 19 UNIQUE constraint failed: users.email (Connection: sqlite, SQL: insert into \"users\" (\"name\", \"email\", \"email_verified_at\", \"password\", \"role\", \"phone\", \"date_of_birth\", \"address\", \"updated_at\", \"created_at\") values (Admin User, admin@health.com, 2025-09-02 16:15:55, $2y$12$E4K0lskBbi83wRp6xCZ26uERq8j4LPfol5ftKrGs9YN1ByZaxCk5G, admin, (260) 863-6177, 1970-05-17 00:00:00, ?, 2025-09-02 16:15:55, 2025-09-02 16:15:55)) at /Users/masastevanovic/Desktop/STEH/health-records-app/vendor/laravel/framework/src/Illuminate/Database/Connection.php:819)
[stacktrace]
#0 /Users/masastevanovic/Desktop/STEH/health-records-app/vendor/laravel/framework/src/Illuminate/Database/Connection.php(778): Illuminate\\Database\\Connection->runQueryCallback('insert into \"us...', Array, Object(Closure))
#1 /Users/masastevanovic/Desktop/STEH/health-records-app/vendor/laravel/framework/src/Illuminate/Database/Connection.php(559): Illuminate\\Database\\Connection->run('insert into \"us...', Array, Object(Closure))
#2 /Users/masastevanovic/Desktop/STEH/health-records-app/vendor/laravel/framework/src/Illuminate/Database/Connection.php(523): Illuminate\\Database\\Connection->statement('insert into \"us...', Array)
#3 /Users/masastevanovic/Desktop/STEH/health-records-app/vendor/laravel/framework/src/Illuminate/Database/Query/Processors/Processor.php(32): Illuminate\\Database\\Connection->insert('insert into \"us...', Array)
#4 /Users/masastevanovic/Desktop/STEH/health-records-app/vendor/laravel/framework/src/Illuminate/Database/Query/Builder.php(3853): Illuminate\\Database\\Query\\Processors\\Processor->processInsertGetId(Object(Illuminate\\Database\\Query\\Builder), 'insert into \"us...', Array, 'id')
#5 /Users/masastevanovic/Desktop/STEH/health-records-app/vendor/laravel/framework/src/Illuminate/Database/Eloquent/Builder.php(2220): Illuminate\\Database\\Query\\Builder->insertGetId(Array, 'id')
#6 /Users/masastevanovic/Desktop/STEH/health-records-app/vendor/laravel/framework/src/Illuminate/Database/Eloquent/Model.php(1434): Illuminate\\Database\\Eloquent\\Builder->__call('insertGetId', Array)
#7 /Users/masastevanovic/Desktop/STEH/health-records-app/vendor/laravel/framework/src/Illuminate/Database/Eloquent/Model.php(1399): Illuminate\\Database\\Eloquent\\Model->insertAndSetId(Object(Illuminate\\Database\\Eloquent\\Builder), Array)
#8 /Users/masastevanovic/Desktop/STEH/health-records-app/vendor/laravel/framework/src/Illuminate/Database/Eloquent/Model.php(1238): Illuminate\\Database\\Eloquent\\Model->performInsert(Object(Illuminate\\Database\\Eloquent\\Builder))
#9 /Users/masastevanovic/Desktop/STEH/health-records-app/vendor/laravel/framework/src/Illuminate/Database/Eloquent/Factories/Factory.php(367): Illuminate\\Database\\Eloquent\\Model->save()
#10 /Users/masastevanovic/Desktop/STEH/health-records-app/vendor/laravel/framework/src/Illuminate/Collections/Traits/EnumeratesValues.php(271): Illuminate\\Database\\Eloquent\\Factories\\Factory->{closure:Illuminate\\Database\\Eloquent\\Factories\\Factory::store():362}(Object(App\\Models\\User), 0)
#11 /Users/masastevanovic/Desktop/STEH/health-records-app/vendor/laravel/framework/src/Illuminate/Database/Eloquent/Factories/Factory.php(362): Illuminate\\Support\\Collection->each(Object(Closure))
#12 /Users/masastevanovic/Desktop/STEH/health-records-app/vendor/laravel/framework/src/Illuminate/Database/Eloquent/Factories/Factory.php(318): Illuminate\\Database\\Eloquent\\Factories\\Factory->store(Object(Illuminate\\Support\\Collection))
#13 /Users/masastevanovic/Desktop/STEH/health-records-app/vendor/laravel/framework/src/Illuminate/Database/Eloquent/Factories/Factory.php(312): Illuminate\\Database\\Eloquent\\Factories\\Factory->create(Array, NULL)
#14 /Users/masastevanovic/Desktop/STEH/health-records-app/database/seeders/DatabaseSeeder.php(17): Illuminate\\Database\\Eloquent\\Factories\\Factory->create(Array)
#15 /Users/masastevanovic/Desktop/STEH/health-records-app/vendor/laravel/framework/src/Illuminate/Container/BoundMethod.php(36): Database\\Seeders\\DatabaseSeeder->run()
#16 /Users/masastevanovic/Desktop/STEH/health-records-app/vendor/laravel/framework/src/Illuminate/Container/Util.php(43): Illuminate\\Container\\BoundMethod::{closure:Illuminate\\Container\\BoundMethod::call():35}()
#17 /Users/masastevanovic/Desktop/STEH/health-records-app/vendor/laravel/framework/src/Illuminate/Container/BoundMethod.php(96): Illuminate\\Container\\Util::unwrapIfClosure(Object(Closure))
#18 /Users/masastevanovic/Desktop/STEH/health-records-app/vendor/laravel/framework/src/Illuminate/Container/BoundMethod.php(35): Illuminate\\Container\\BoundMethod::callBoundMethod(Object(Illuminate\\Foundation\\Application), Array, Object(Closure))
#19 /Users/masastevanovic/Desktop/STEH/health-records-app/vendor/laravel/framework/src/Illuminate/Container/Container.php(836): Illuminate\\Container\\BoundMethod::call(Object(Illuminate\\Foundation\\Application), Array, Array, NULL)
#20 /Users/masastevanovic/Desktop/STEH/health-records-app/vendor/laravel/framework/src/Illuminate/Database/Seeder.php(188): Illuminate\\Container\\Container->call(Array, Array)
#21 /Users/masastevanovic/Desktop/STEH/health-records-app/vendor/laravel/framework/src/Illuminate/Database/Seeder.php(197): Illuminate\\Database\\Seeder->{closure:Illuminate\\Database\\Seeder::__invoke():187}()
#22 /Users/masastevanovic/Desktop/STEH/health-records-app/vendor/laravel/framework/src/Illuminate/Database/Console/Seeds/SeedCommand.php(71): Illuminate\\Database\\Seeder->__invoke()
#23 /Users/masastevanovic/Desktop/STEH/health-records-app/vendor/laravel/framework/src/Illuminate/Database/Eloquent/Concerns/GuardsAttributes.php(157): Illuminate\\Database\\Console\\Seeds\\SeedCommand->{closure:Illuminate\\Database\\Console\\Seeds\\SeedCommand::handle():70}()
#24 /Users/masastevanovic/Desktop/STEH/health-records-app/vendor/laravel/framework/src/Illuminate/Database/Console/Seeds/SeedCommand.php(70): Illuminate\\Database\\Eloquent\\Model::unguarded(Object(Closure))
#25 /Users/masastevanovic/Desktop/STEH/health-records-app/vendor/laravel/framework/src/Illuminate/Container/BoundMethod.php(36): Illuminate\\Database\\Console\\Seeds\\SeedCommand->handle()
#26 /Users/masastevanovic/Desktop/STEH/health-records-app/vendor/laravel/framework/src/Illuminate/Container/Util.php(43): Illuminate\\Container\\BoundMethod::{closure:Illuminate\\Container\\BoundMethod::call():35}()
#27 /Users/masastevanovic/Desktop/STEH/health-records-app/vendor/laravel/framework/src/Illuminate/Container/BoundMethod.php(96): Illuminate\\Container\\Util::unwrapIfClosure(Object(Closure))
#28 /Users/masastevanovic/Desktop/STEH/health-records-app/vendor/laravel/framework/src/Illuminate/Container/BoundMethod.php(35): Illuminate\\Container\\BoundMethod::callBoundMethod(Object(Illuminate\\Foundation\\Application), Array, Object(Closure))
#29 /Users/masastevanovic/Desktop/STEH/health-records-app/vendor/laravel/framework/src/Illuminate/Container/Container.php(836): Illuminate\\Container\\BoundMethod::call(Object(Illuminate\\Foundation\\Application), Array, Array, NULL)
#30 /Users/masastevanovic/Desktop/STEH/health-records-app/vendor/laravel/framework/src/Illuminate/Console/Command.php(211): Illuminate\\Container\\Container->call(Array)
#31 /Users/masastevanovic/Desktop/STEH/health-records-app/vendor/symfony/console/Command/Command.php(318): Illuminate\\Console\\Command->execute(Object(Symfony\\Component\\Console\\Input\\ArgvInput), Object(Illuminate\\Console\\OutputStyle))
#32 /Users/masastevanovic/Desktop/STEH/health-records-app/vendor/laravel/framework/src/Illuminate/Console/Command.php(180): Symfony\\Component\\Console\\Command\\Command->run(Object(Symfony\\Component\\Console\\Input\\ArgvInput), Object(Illuminate\\Console\\OutputStyle))
#33 /Users/masastevanovic/Desktop/STEH/health-records-app/vendor/symfony/console/Application.php(1110): Illuminate\\Console\\Command->run(Object(Symfony\\Component\\Console\\Input\\ArgvInput), Object(Symfony\\Component\\Console\\Output\\ConsoleOutput))
#34 /Users/masastevanovic/Desktop/STEH/health-records-app/vendor/symfony/console/Application.php(359): Symfony\\Component\\Console\\Application->doRunCommand(Object(Illuminate\\Database\\Console\\Seeds\\SeedCommand), Object(Symfony\\Component\\Console\\Input\\ArgvInput), Object(Symfony\\Component\\Console\\Output\\ConsoleOutput))
#35 /Users/masastevanovic/Desktop/STEH/health-records-app/vendor/symfony/console/Application.php(194): Symfony\\Component\\Console\\Application->doRun(Object(Symfony\\Component\\Console\\Input\\ArgvInput), Object(Symfony\\Component\\Console\\Output\\ConsoleOutput))
#36 /Users/masastevanovic/Desktop/STEH/health-records-app/vendor/laravel/framework/src/Illuminate/Foundation/Console/Kernel.php(197): Symfony\\Component\\Console\\Application->run(Object(Symfony\\Component\\Console\\Input\\ArgvInput), Object(Symfony\\Component\\Console\\Output\\ConsoleOutput))
#37 /Users/masastevanovic/Desktop/STEH/health-records-app/vendor/laravel/framework/src/Illuminate/Foundation/Application.php(1235): Illuminate\\Foundation\\Console\\Kernel->handle(Object(Symfony\\Component\\Console\\Input\\ArgvInput), Object(Symfony\\Component\\Console\\Output\\ConsoleOutput))
#38 /Users/masastevanovic/Desktop/STEH/health-records-app/artisan(16): Illuminate\\Foundation\\Application->handleCommand(Object(Symfony\\Component\\Console\\Input\\ArgvInput))
#39 {main}

[previous exception] [object] (PDOException(code: 23000): SQLSTATE[23000]: Integrity constraint violation: 19 UNIQUE constraint failed: users.email at /Users/masastevanovic/Desktop/STEH/health-records-app/vendor/laravel/framework/src/Illuminate/Database/Connection.php:570)
[stacktrace]
#0 /Users/masastevanovic/Desktop/STEH/health-records-app/vendor/laravel/framework/src/Illuminate/Database/Connection.php(570): PDOStatement->execute()
#1 /Users/masastevanovic/Desktop/STEH/health-records-app/vendor/laravel/framework/src/Illuminate/Database/Connection.php(811): Illuminate\\Database\\Connection->{closure:Illuminate\\Database\\Connection::statement():559}('insert into \"us...', Array)
#2 /Users/masastevanovic/Desktop/STEH/health-records-app/vendor/laravel/framework/src/Illuminate/Database/Connection.php(778): Illuminate\\Database\\Connection->runQueryCallback('insert into \"us...', Array, Object(Closure))
#3 /Users/masastevanovic/Desktop/STEH/health-records-app/vendor/laravel/framework/src/Illuminate/Database/Connection.php(559): Illuminate\\Database\\Connection->run('insert into \"us...', Array, Object(Closure))
#4 /Users/masastevanovic/Desktop/STEH/health-records-app/vendor/laravel/framework/src/Illuminate/Database/Connection.php(523): Illuminate\\Database\\Connection->statement('insert into \"us...', Array)
#5 /Users/masastevanovic/Desktop/STEH/health-records-app/vendor/laravel/framework/src/Illuminate/Database/Query/Processors/Processor.php(32): Illuminate\\Database\\Connection->insert('insert into \"us...', Array)
#6 /Users/masastevanovic/Desktop/STEH/health-records-app/vendor/laravel/framework/src/Illuminate/Database/Query/Builder.php(3853): Illuminate\\Database\\Query\\Processors\\Processor->processInsertGetId(Object(Illuminate\\Database\\Query\\Builder), 'insert into \"us...', Array, 'id')
#7 /Users/masastevanovic/Desktop/STEH/health-records-app/vendor/laravel/framework/src/Illuminate/Database/Eloquent/Builder.php(2220): Illuminate\\Database\\Query\\Builder->insertGetId(Array, 'id')
#8 /Users/masastevanovic/Desktop/STEH/health-records-app/vendor/laravel/framework/src/Illuminate/Database/Eloquent/Model.php(1434): Illuminate\\Database\\Eloquent\\Builder->__call('insertGetId', Array)
#9 /Users/masastevanovic/Desktop/STEH/health-records-app/vendor/laravel/framework/src/Illuminate/Database/Eloquent/Model.php(1399): Illuminate\\Database\\Eloquent\\Model->insertAndSetId(Object(Illuminate\\Database\\Eloquent\\Builder), Array)
#10 /Users/masastevanovic/Desktop/STEH/health-records-app/vendor/laravel/framework/src/Illuminate/Database/Eloquent/Model.php(1238): Illuminate\\Database\\Eloquent\\Model->performInsert(Object(Illuminate\\Database\\Eloquent\\Builder))
#11 /Users/masastevanovic/Desktop/STEH/health-records-app/vendor/laravel/framework/src/Illuminate/Database/Eloquent/Factories/Factory.php(367): Illuminate\\Database\\Eloquent\\Model->save()
#12 /Users/masastevanovic/Desktop/STEH/health-records-app/vendor/laravel/framework/src/Illuminate/Collections/Traits/EnumeratesValues.php(271): Illuminate\\Database\\Eloquent\\Factories\\Factory->{closure:Illuminate\\Database\\Eloquent\\Factories\\Factory::store():362}(Object(App\\Models\\User), 0)
#13 /Users/masastevanovic/Desktop/STEH/health-records-app/vendor/laravel/framework/src/Illuminate/Database/Eloquent/Factories/Factory.php(362): Illuminate\\Support\\Collection->each(Object(Closure))
#14 /Users/masastevanovic/Desktop/STEH/health-records-app/vendor/laravel/framework/src/Illuminate/Database/Eloquent/Factories/Factory.php(318): Illuminate\\Database\\Eloquent\\Factories\\Factory->store(Object(Illuminate\\Support\\Collection))
#15 /Users/masastevanovic/Desktop/STEH/health-records-app/vendor/laravel/framework/src/Illuminate/Database/Eloquent/Factories/Factory.php(312): Illuminate\\Database\\Eloquent\\Factories\\Factory->create(Array, NULL)
#16 /Users/masastevanovic/Desktop/STEH/health-records-app/database/seeders/DatabaseSeeder.php(17): Illuminate\\Database\\Eloquent\\Factories\\Factory->create(Array)
#17 /Users/masastevanovic/Desktop/STEH/health-records-app/vendor/laravel/framework/src/Illuminate/Container/BoundMethod.php(36): Database\\Seeders\\DatabaseSeeder->run()
#18 /Users/masastevanovic/Desktop/STEH/health-records-app/vendor/laravel/framework/src/Illuminate/Container/Util.php(43): Illuminate\\Container\\BoundMethod::{closure:Illuminate\\Container\\BoundMethod::call():35}()
#19 /Users/masastevanovic/Desktop/STEH/health-records-app/vendor/laravel/framework/src/Illuminate/Container/BoundMethod.php(96): Illuminate\\Container\\Util::unwrapIfClosure(Object(Closure))
#20 /Users/masastevanovic/Desktop/STEH/health-records-app/vendor/laravel/framework/src/Illuminate/Container/BoundMethod.php(35): Illuminate\\Container\\BoundMethod::callBoundMethod(Object(Illuminate\\Foundation\\Application), Array, Object(Closure))
#21 /Users/masastevanovic/Desktop/STEH/health-records-app/vendor/laravel/framework/src/Illuminate/Container/Container.php(836): Illuminate\\Container\\BoundMethod::call(Object(Illuminate\\Foundation\\Application), Array, Array, NULL)
#22 /Users/masastevanovic/Desktop/STEH/health-records-app/vendor/laravel/framework/src/Illuminate/Database/Seeder.php(188): Illuminate\\Container\\Container->call(Array, Array)
#23 /Users/masastevanovic/Desktop/STEH/health-records-app/vendor/laravel/framework/src/Illuminate/Database/Seeder.php(197): Illuminate\\Database\\Seeder->{closure:Illuminate\\Database\\Seeder::__invoke():187}()
#24 /Users/masastevanovic/Desktop/STEH/health-records-app/vendor/laravel/framework/src/Illuminate/Database/Console/Seeds/SeedCommand.php(71): Illuminate\\Database\\Seeder->__invoke()
#25 /Users/masastevanovic/Desktop/STEH/health-records-app/vendor/laravel/framework/src/Illuminate/Database/Eloquent/Concerns/GuardsAttributes.php(157): Illuminate\\Database\\Console\\Seeds\\SeedCommand->{closure:Illuminate\\Database\\Console\\Seeds\\SeedCommand::handle():70}()
#26 /Users/masastevanovic/Desktop/STEH/health-records-app/vendor/laravel/framework/src/Illuminate/Database/Console/Seeds/SeedCommand.php(70): Illuminate\\Database\\Eloquent\\Model::unguarded(Object(Closure))
#27 /Users/masastevanovic/Desktop/STEH/health-records-app/vendor/laravel/framework/src/Illuminate/Container/BoundMethod.php(36): Illuminate\\Database\\Console\\Seeds\\SeedCommand->handle()
#28 /Users/masastevanovic/Desktop/STEH/health-records-app/vendor/laravel/framework/src/Illuminate/Container/Util.php(43): Illuminate\\Container\\BoundMethod::{closure:Illuminate\\Container\\BoundMethod::call():35}()
#29 /Users/masastevanovic/Desktop/STEH/health-records-app/vendor/laravel/framework/src/Illuminate/Container/BoundMethod.php(96): Illuminate\\Container\\Util::unwrapIfClosure(Object(Closure))
#30 /Users/masastevanovic/Desktop/STEH/health-records-app/vendor/laravel/framework/src/Illuminate/Container/BoundMethod.php(35): Illuminate\\Container\\BoundMethod::callBoundMethod(Object(Illuminate\\Foundation\\Application), Array, Object(Closure))
#31 /Users/masastevanovic/Desktop/STEH/health-records-app/vendor/laravel/framework/src/Illuminate/Container/Container.php(836): Illuminate\\Container\\BoundMethod::call(Object(Illuminate\\Foundation\\Application), Array, Array, NULL)
#32 /Users/masastevanovic/Desktop/STEH/health-records-app/vendor/laravel/framework/src/Illuminate/Console/Command.php(211): Illuminate\\Container\\Container->call(Array)
#33 /Users/masastevanovic/Desktop/STEH/health-records-app/vendor/symfony/console/Command/Command.php(318): Illuminate\\Console\\Command->execute(Object(Symfony\\Component\\Console\\Input\\ArgvInput), Object(Illuminate\\Console\\OutputStyle))
#34 /Users/masastevanovic/Desktop/STEH/health-records-app/vendor/laravel/framework/src/Illuminate/Console/Command.php(180): Symfony\\Component\\Console\\Command\\Command->run(Object(Symfony\\Component\\Console\\Input\\ArgvInput), Object(Illuminate\\Console\\OutputStyle))
#35 /Users/masastevanovic/Desktop/STEH/health-records-app/vendor/symfony/console/Application.php(1110): Illuminate\\Console\\Command->run(Object(Symfony\\Component\\Console\\Input\\ArgvInput), Object(Symfony\\Component\\Console\\Output\\ConsoleOutput))
#36 /Users/masastevanovic/Desktop/STEH/health-records-app/vendor/symfony/console/Application.php(359): Symfony\\Component\\Console\\Application->doRunCommand(Object(Illuminate\\Database\\Console\\Seeds\\SeedCommand), Object(Symfony\\Component\\Console\\Input\\ArgvInput), Object(Symfony\\Component\\Console\\Output\\ConsoleOutput))
#37 /Users/masastevanovic/Desktop/STEH/health-records-app/vendor/symfony/console/Application.php(194): Symfony\\Component\\Console\\Application->doRun(Object(Symfony\\Component\\Console\\Input\\ArgvInput), Object(Symfony\\Component\\Console\\Output\\ConsoleOutput))
#38 /Users/masastevanovic/Desktop/STEH/health-records-app/vendor/laravel/framework/src/Illuminate/Foundation/Console/Kernel.php(197): Symfony\\Component\\Console\\Application->run(Object(Symfony\\Component\\Console\\Input\\ArgvInput), Object(Symfony\\Component\\Console\\Output\\ConsoleOutput))
#39 /Users/masastevanovic/Desktop/STEH/health-records-app/vendor/laravel/framework/src/Illuminate/Foundation/Application.php(1235): Illuminate\\Foundation\\Console\\Kernel->handle(Object(Symfony\\Component\\Console\\Input\\ArgvInput), Object(Symfony\\Component\\Console\\Output\\ConsoleOutput))
#40 /Users/masastevanovic/Desktop/STEH/health-records-app/artisan(16): Illuminate\\Foundation\\Application->handleCommand(Object(Symfony\\Component\\Console\\Input\\ArgvInput))
#41 {main}
"} 
[2025-09-02 16:16:23] local.ERROR: SQLSTATE[23000]: Integrity constraint violation: 19 UNIQUE constraint failed: users.email (Connection: sqlite, SQL: insert into "users" ("name", "email", "password", "role", "updated_at", "created_at") values (Admin User, admin@health.com, $2y$12$JzZXrRnLeNt88ofsTJzzruqXwVVZ2wbTVmtUYmBDB9EA7PZwntk8m, admin, 2025-09-02 16:16:23, 2025-09-02 16:16:23)) {"exception":"[object] (Illuminate\\Database\\UniqueConstraintViolationException(code: 23000): SQLSTATE[23000]: Integrity constraint violation: 19 UNIQUE constraint failed: users.email (Connection: sqlite, SQL: insert into \"users\" (\"name\", \"email\", \"password\", \"role\", \"updated_at\", \"created_at\") values (Admin User, admin@health.com, $2y$12$JzZXrRnLeNt88ofsTJzzruqXwVVZ2wbTVmtUYmBDB9EA7PZwntk8m, admin, 2025-09-02 16:16:23, 2025-09-02 16:16:23)) at /Users/masastevanovic/Desktop/STEH/health-records-app/vendor/laravel/framework/src/Illuminate/Database/Connection.php:819)
[stacktrace]
#0 /Users/masastevanovic/Desktop/STEH/health-records-app/vendor/laravel/framework/src/Illuminate/Database/Connection.php(778): Illuminate\\Database\\Connection->runQueryCallback('insert into \"us...', Array, Object(Closure))
#1 /Users/masastevanovic/Desktop/STEH/health-records-app/vendor/laravel/framework/src/Illuminate/Database/Connection.php(559): Illuminate\\Database\\Connection->run('insert into \"us...', Array, Object(Closure))
#2 /Users/masastevanovic/Desktop/STEH/health-records-app/vendor/laravel/framework/src/Illuminate/Database/Connection.php(523): Illuminate\\Database\\Connection->statement('insert into \"us...', Array)
#3 /Users/masastevanovic/Desktop/STEH/health-records-app/vendor/laravel/framework/src/Illuminate/Database/Query/Processors/Processor.php(32): Illuminate\\Database\\Connection->insert('insert into \"us...', Array)
#4 /Users/masastevanovic/Desktop/STEH/health-records-app/vendor/laravel/framework/src/Illuminate/Database/Query/Builder.php(3853): Illuminate\\Database\\Query\\Processors\\Processor->processInsertGetId(Object(Illuminate\\Database\\Query\\Builder), 'insert into \"us...', Array, 'id')
#5 /Users/masastevanovic/Desktop/STEH/health-records-app/vendor/laravel/framework/src/Illuminate/Database/Eloquent/Builder.php(2220): Illuminate\\Database\\Query\\Builder->insertGetId(Array, 'id')
#6 /Users/masastevanovic/Desktop/STEH/health-records-app/vendor/laravel/framework/src/Illuminate/Database/Eloquent/Model.php(1434): Illuminate\\Database\\Eloquent\\Builder->__call('insertGetId', Array)
#7 /Users/masastevanovic/Desktop/STEH/health-records-app/vendor/laravel/framework/src/Illuminate/Database/Eloquent/Model.php(1399): Illuminate\\Database\\Eloquent\\Model->insertAndSetId(Object(Illuminate\\Database\\Eloquent\\Builder), Array)
#8 /Users/masastevanovic/Desktop/STEH/health-records-app/vendor/laravel/framework/src/Illuminate/Database/Eloquent/Model.php(1238): Illuminate\\Database\\Eloquent\\Model->performInsert(Object(Illuminate\\Database\\Eloquent\\Builder))
#9 /Users/masastevanovic/Desktop/STEH/health-records-app/vendor/laravel/framework/src/Illuminate/Database/Eloquent/Builder.php(1204): Illuminate\\Database\\Eloquent\\Model->save()
#10 /Users/masastevanovic/Desktop/STEH/health-records-app/vendor/laravel/framework/src/Illuminate/Support/helpers.php(390): Illuminate\\Database\\Eloquent\\Builder->{closure:Illuminate\\Database\\Eloquent\\Builder::create():1203}(Object(App\\Models\\User))
#11 /Users/masastevanovic/Desktop/STEH/health-records-app/vendor/laravel/framework/src/Illuminate/Database/Eloquent/Builder.php(1203): tap(Object(App\\Models\\User), Object(Closure))
#12 /Users/masastevanovic/Desktop/STEH/health-records-app/vendor/laravel/framework/src/Illuminate/Support/Traits/ForwardsCalls.php(23): Illuminate\\Database\\Eloquent\\Builder->create(Array)
#13 /Users/masastevanovic/Desktop/STEH/health-records-app/vendor/laravel/framework/src/Illuminate/Database/Eloquent/Model.php(2538): Illuminate\\Database\\Eloquent\\Model->forwardCallTo(Object(Illuminate\\Database\\Eloquent\\Builder), 'create', Array)
#14 /Users/masastevanovic/Desktop/STEH/health-records-app/vendor/laravel/framework/src/Illuminate/Database/Eloquent/Model.php(2554): Illuminate\\Database\\Eloquent\\Model->__call('create', Array)
#15 /Users/masastevanovic/Desktop/STEH/health-records-app/database/seeders/DatabaseSeeder.php(17): Illuminate\\Database\\Eloquent\\Model::__callStatic('create', Array)
#16 /Users/masastevanovic/Desktop/STEH/health-records-app/vendor/laravel/framework/src/Illuminate/Container/BoundMethod.php(36): Database\\Seeders\\DatabaseSeeder->run()
#17 /Users/masastevanovic/Desktop/STEH/health-records-app/vendor/laravel/framework/src/Illuminate/Container/Util.php(43): Illuminate\\Container\\BoundMethod::{closure:Illuminate\\Container\\BoundMethod::call():35}()
#18 /Users/masastevanovic/Desktop/STEH/health-records-app/vendor/laravel/framework/src/Illuminate/Container/BoundMethod.php(96): Illuminate\\Container\\Util::unwrapIfClosure(Object(Closure))
#19 /Users/masastevanovic/Desktop/STEH/health-records-app/vendor/laravel/framework/src/Illuminate/Container/BoundMethod.php(35): Illuminate\\Container\\BoundMethod::callBoundMethod(Object(Illuminate\\Foundation\\Application), Array, Object(Closure))
#20 /Users/masastevanovic/Desktop/STEH/health-records-app/vendor/laravel/framework/src/Illuminate/Container/Container.php(836): Illuminate\\Container\\BoundMethod::call(Object(Illuminate\\Foundation\\Application), Array, Array, NULL)
#21 /Users/masastevanovic/Desktop/STEH/health-records-app/vendor/laravel/framework/src/Illuminate/Database/Seeder.php(188): Illuminate\\Container\\Container->call(Array, Array)
#22 /Users/masastevanovic/Desktop/STEH/health-records-app/vendor/laravel/framework/src/Illuminate/Database/Seeder.php(197): Illuminate\\Database\\Seeder->{closure:Illuminate\\Database\\Seeder::__invoke():187}()
#23 /Users/masastevanovic/Desktop/STEH/health-records-app/vendor/laravel/framework/src/Illuminate/Database/Console/Seeds/SeedCommand.php(71): Illuminate\\Database\\Seeder->__invoke()
#24 /Users/masastevanovic/Desktop/STEH/health-records-app/vendor/laravel/framework/src/Illuminate/Database/Eloquent/Concerns/GuardsAttributes.php(157): Illuminate\\Database\\Console\\Seeds\\SeedCommand->{closure:Illuminate\\Database\\Console\\Seeds\\SeedCommand::handle():70}()
#25 /Users/masastevanovic/Desktop/STEH/health-records-app/vendor/laravel/framework/src/Illuminate/Database/Console/Seeds/SeedCommand.php(70): Illuminate\\Database\\Eloquent\\Model::unguarded(Object(Closure))
#26 /Users/masastevanovic/Desktop/STEH/health-records-app/vendor/laravel/framework/src/Illuminate/Container/BoundMethod.php(36): Illuminate\\Database\\Console\\Seeds\\SeedCommand->handle()
#27 /Users/masastevanovic/Desktop/STEH/health-records-app/vendor/laravel/framework/src/Illuminate/Container/Util.php(43): Illuminate\\Container\\BoundMethod::{closure:Illuminate\\Container\\BoundMethod::call():35}()
#28 /Users/masastevanovic/Desktop/STEH/health-records-app/vendor/laravel/framework/src/Illuminate/Container/BoundMethod.php(96): Illuminate\\Container\\Util::unwrapIfClosure(Object(Closure))
#29 /Users/masastevanovic/Desktop/STEH/health-records-app/vendor/laravel/framework/src/Illuminate/Container/BoundMethod.php(35): Illuminate\\Container\\BoundMethod::callBoundMethod(Object(Illuminate\\Foundation\\Application), Array, Object(Closure))
#30 /Users/masastevanovic/Desktop/STEH/health-records-app/vendor/laravel/framework/src/Illuminate/Container/Container.php(836): Illuminate\\Container\\BoundMethod::call(Object(Illuminate\\Foundation\\Application), Array, Array, NULL)
#31 /Users/masastevanovic/Desktop/STEH/health-records-app/vendor/laravel/framework/src/Illuminate/Console/Command.php(211): Illuminate\\Container\\Container->call(Array)
#32 /Users/masastevanovic/Desktop/STEH/health-records-app/vendor/symfony/console/Command/Command.php(318): Illuminate\\Console\\Command->execute(Object(Symfony\\Component\\Console\\Input\\ArgvInput), Object(Illuminate\\Console\\OutputStyle))
#33 /Users/masastevanovic/Desktop/STEH/health-records-app/vendor/laravel/framework/src/Illuminate/Console/Command.php(180): Symfony\\Component\\Console\\Command\\Command->run(Object(Symfony\\Component\\Console\\Input\\ArgvInput), Object(Illuminate\\Console\\OutputStyle))
#34 /Users/masastevanovic/Desktop/STEH/health-records-app/vendor/symfony/console/Application.php(1110): Illuminate\\Console\\Command->run(Object(Symfony\\Component\\Console\\Input\\ArgvInput), Object(Symfony\\Component\\Console\\Output\\ConsoleOutput))
#35 /Users/masastevanovic/Desktop/STEH/health-records-app/vendor/symfony/console/Application.php(359): Symfony\\Component\\Console\\Application->doRunCommand(Object(Illuminate\\Database\\Console\\Seeds\\SeedCommand), Object(Symfony\\Component\\Console\\Input\\ArgvInput), Object(Symfony\\Component\\Console\\Output\\ConsoleOutput))
#36 /Users/masastevanovic/Desktop/STEH/health-records-app/vendor/symfony/console/Application.php(194): Symfony\\Component\\Console\\Application->doRun(Object(Symfony\\Component\\Console\\Input\\ArgvInput), Object(Symfony\\Component\\Console\\Output\\ConsoleOutput))
#37 /Users/masastevanovic/Desktop/STEH/health-records-app/vendor/laravel/framework/src/Illuminate/Foundation/Console/Kernel.php(197): Symfony\\Component\\Console\\Application->run(Object(Symfony\\Component\\Console\\Input\\ArgvInput), Object(Symfony\\Component\\Console\\Output\\ConsoleOutput))
#38 /Users/masastevanovic/Desktop/STEH/health-records-app/vendor/laravel/framework/src/Illuminate/Foundation/Application.php(1235): Illuminate\\Foundation\\Console\\Kernel->handle(Object(Symfony\\Component\\Console\\Input\\ArgvInput), Object(Symfony\\Component\\Console\\Output\\ConsoleOutput))
#39 /Users/masastevanovic/Desktop/STEH/health-records-app/artisan(16): Illuminate\\Foundation\\Application->handleCommand(Object(Symfony\\Component\\Console\\Input\\ArgvInput))
#40 {main}

[previous exception] [object] (PDOException(code: 23000): SQLSTATE[23000]: Integrity constraint violation: 19 UNIQUE constraint failed: users.email at /Users/masastevanovic/Desktop/STEH/health-records-app/vendor/laravel/framework/src/Illuminate/Database/Connection.php:570)
[stacktrace]
#0 /Users/masastevanovic/Desktop/STEH/health-records-app/vendor/laravel/framework/src/Illuminate/Database/Connection.php(570): PDOStatement->execute()
#1 /Users/masastevanovic/Desktop/STEH/health-records-app/vendor/laravel/framework/src/Illuminate/Database/Connection.php(811): Illuminate\\Database\\Connection->{closure:Illuminate\\Database\\Connection::statement():559}('insert into \"us...', Array)
#2 /Users/masastevanovic/Desktop/STEH/health-records-app/vendor/laravel/framework/src/Illuminate/Database/Connection.php(778): Illuminate\\Database\\Connection->runQueryCallback('insert into \"us...', Array, Object(Closure))
#3 /Users/masastevanovic/Desktop/STEH/health-records-app/vendor/laravel/framework/src/Illuminate/Database/Connection.php(559): Illuminate\\Database\\Connection->run('insert into \"us...', Array, Object(Closure))
#4 /Users/masastevanovic/Desktop/STEH/health-records-app/vendor/laravel/framework/src/Illuminate/Database/Connection.php(523): Illuminate\\Database\\Connection->statement('insert into \"us...', Array)
#5 /Users/masastevanovic/Desktop/STEH/health-records-app/vendor/laravel/framework/src/Illuminate/Database/Query/Processors/Processor.php(32): Illuminate\\Database\\Connection->insert('insert into \"us...', Array)
#6 /Users/masastevanovic/Desktop/STEH/health-records-app/vendor/laravel/framework/src/Illuminate/Database/Query/Builder.php(3853): Illuminate\\Database\\Query\\Processors\\Processor->processInsertGetId(Object(Illuminate\\Database\\Query\\Builder), 'insert into \"us...', Array, 'id')
#7 /Users/masastevanovic/Desktop/STEH/health-records-app/vendor/laravel/framework/src/Illuminate/Database/Eloquent/Builder.php(2220): Illuminate\\Database\\Query\\Builder->insertGetId(Array, 'id')
#8 /Users/masastevanovic/Desktop/STEH/health-records-app/vendor/laravel/framework/src/Illuminate/Database/Eloquent/Model.php(1434): Illuminate\\Database\\Eloquent\\Builder->__call('insertGetId', Array)
#9 /Users/masastevanovic/Desktop/STEH/health-records-app/vendor/laravel/framework/src/Illuminate/Database/Eloquent/Model.php(1399): Illuminate\\Database\\Eloquent\\Model->insertAndSetId(Object(Illuminate\\Database\\Eloquent\\Builder), Array)
#10 /Users/masastevanovic/Desktop/STEH/health-records-app/vendor/laravel/framework/src/Illuminate/Database/Eloquent/Model.php(1238): Illuminate\\Database\\Eloquent\\Model->performInsert(Object(Illuminate\\Database\\Eloquent\\Builder))
#11 /Users/masastevanovic/Desktop/STEH/health-records-app/vendor/laravel/framework/src/Illuminate/Database/Eloquent/Builder.php(1204): Illuminate\\Database\\Eloquent\\Model->save()
#12 /Users/masastevanovic/Desktop/STEH/health-records-app/vendor/laravel/framework/src/Illuminate/Support/helpers.php(390): Illuminate\\Database\\Eloquent\\Builder->{closure:Illuminate\\Database\\Eloquent\\Builder::create():1203}(Object(App\\Models\\User))
#13 /Users/masastevanovic/Desktop/STEH/health-records-app/vendor/laravel/framework/src/Illuminate/Database/Eloquent/Builder.php(1203): tap(Object(App\\Models\\User), Object(Closure))
#14 /Users/masastevanovic/Desktop/STEH/health-records-app/vendor/laravel/framework/src/Illuminate/Support/Traits/ForwardsCalls.php(23): Illuminate\\Database\\Eloquent\\Builder->create(Array)
#15 /Users/masastevanovic/Desktop/STEH/health-records-app/vendor/laravel/framework/src/Illuminate/Database/Eloquent/Model.php(2538): Illuminate\\Database\\Eloquent\\Model->forwardCallTo(Object(Illuminate\\Database\\Eloquent\\Builder), 'create', Array)
#16 /Users/masastevanovic/Desktop/STEH/health-records-app/vendor/laravel/framework/src/Illuminate/Database/Eloquent/Model.php(2554): Illuminate\\Database\\Eloquent\\Model->__call('create', Array)
#17 /Users/masastevanovic/Desktop/STEH/health-records-app/database/seeders/DatabaseSeeder.php(17): Illuminate\\Database\\Eloquent\\Model::__callStatic('create', Array)
#18 /Users/masastevanovic/Desktop/STEH/health-records-app/vendor/laravel/framework/src/Illuminate/Container/BoundMethod.php(36): Database\\Seeders\\DatabaseSeeder->run()
#19 /Users/masastevanovic/Desktop/STEH/health-records-app/vendor/laravel/framework/src/Illuminate/Container/Util.php(43): Illuminate\\Container\\BoundMethod::{closure:Illuminate\\Container\\BoundMethod::call():35}()
#20 /Users/masastevanovic/Desktop/STEH/health-records-app/vendor/laravel/framework/src/Illuminate/Container/BoundMethod.php(96): Illuminate\\Container\\Util::unwrapIfClosure(Object(Closure))
#21 /Users/masastevanovic/Desktop/STEH/health-records-app/vendor/laravel/framework/src/Illuminate/Container/BoundMethod.php(35): Illuminate\\Container\\BoundMethod::callBoundMethod(Object(Illuminate\\Foundation\\Application), Array, Object(Closure))
#22 /Users/masastevanovic/Desktop/STEH/health-records-app/vendor/laravel/framework/src/Illuminate/Container/Container.php(836): Illuminate\\Container\\BoundMethod::call(Object(Illuminate\\Foundation\\Application), Array, Array, NULL)
#23 /Users/masastevanovic/Desktop/STEH/health-records-app/vendor/laravel/framework/src/Illuminate/Database/Seeder.php(188): Illuminate\\Container\\Container->call(Array, Array)
#24 /Users/masastevanovic/Desktop/STEH/health-records-app/vendor/laravel/framework/src/Illuminate/Database/Seeder.php(197): Illuminate\\Database\\Seeder->{closure:Illuminate\\Database\\Seeder::__invoke():187}()
#25 /Users/masastevanovic/Desktop/STEH/health-records-app/vendor/laravel/framework/src/Illuminate/Database/Console/Seeds/SeedCommand.php(71): Illuminate\\Database\\Seeder->__invoke()
#26 /Users/masastevanovic/Desktop/STEH/health-records-app/vendor/laravel/framework/src/Illuminate/Database/Eloquent/Concerns/GuardsAttributes.php(157): Illuminate\\Database\\Console\\Seeds\\SeedCommand->{closure:Illuminate\\Database\\Console\\Seeds\\SeedCommand::handle():70}()
#27 /Users/masastevanovic/Desktop/STEH/health-records-app/vendor/laravel/framework/src/Illuminate/Database/Console/Seeds/SeedCommand.php(70): Illuminate\\Database\\Eloquent\\Model::unguarded(Object(Closure))
#28 /Users/masastevanovic/Desktop/STEH/health-records-app/vendor/laravel/framework/src/Illuminate/Container/BoundMethod.php(36): Illuminate\\Database\\Console\\Seeds\\SeedCommand->handle()
#29 /Users/masastevanovic/Desktop/STEH/health-records-app/vendor/laravel/framework/src/Illuminate/Container/Util.php(43): Illuminate\\Container\\BoundMethod::{closure:Illuminate\\Container\\BoundMethod::call():35}()
#30 /Users/masastevanovic/Desktop/STEH/health-records-app/vendor/laravel/framework/src/Illuminate/Container/BoundMethod.php(96): Illuminate\\Container\\Util::unwrapIfClosure(Object(Closure))
#31 /Users/masastevanovic/Desktop/STEH/health-records-app/vendor/laravel/framework/src/Illuminate/Container/BoundMethod.php(35): Illuminate\\Container\\BoundMethod::callBoundMethod(Object(Illuminate\\Foundation\\Application), Array, Object(Closure))
#32 /Users/masastevanovic/Desktop/STEH/health-records-app/vendor/laravel/framework/src/Illuminate/Container/Container.php(836): Illuminate\\Container\\BoundMethod::call(Object(Illuminate\\Foundation\\Application), Array, Array, NULL)
#33 /Users/masastevanovic/Desktop/STEH/health-records-app/vendor/laravel/framework/src/Illuminate/Console/Command.php(211): Illuminate\\Container\\Container->call(Array)
#34 /Users/masastevanovic/Desktop/STEH/health-records-app/vendor/symfony/console/Command/Command.php(318): Illuminate\\Console\\Command->execute(Object(Symfony\\Component\\Console\\Input\\ArgvInput), Object(Illuminate\\Console\\OutputStyle))
#35 /Users/masastevanovic/Desktop/STEH/health-records-app/vendor/laravel/framework/src/Illuminate/Console/Command.php(180): Symfony\\Component\\Console\\Command\\Command->run(Object(Symfony\\Component\\Console\\Input\\ArgvInput), Object(Illuminate\\Console\\OutputStyle))
#36 /Users/masastevanovic/Desktop/STEH/health-records-app/vendor/symfony/console/Application.php(1110): Illuminate\\Console\\Command->run(Object(Symfony\\Component\\Console\\Input\\ArgvInput), Object(Symfony\\Component\\Console\\Output\\ConsoleOutput))
#37 /Users/masastevanovic/Desktop/STEH/health-records-app/vendor/symfony/console/Application.php(359): Symfony\\Component\\Console\\Application->doRunCommand(Object(Illuminate\\Database\\Console\\Seeds\\SeedCommand), Object(Symfony\\Component\\Console\\Input\\ArgvInput), Object(Symfony\\Component\\Console\\Output\\ConsoleOutput))
#38 /Users/masastevanovic/Desktop/STEH/health-records-app/vendor/symfony/console/Application.php(194): Symfony\\Component\\Console\\Application->doRun(Object(Symfony\\Component\\Console\\Input\\ArgvInput), Object(Symfony\\Component\\Console\\Output\\ConsoleOutput))
#39 /Users/masastevanovic/Desktop/STEH/health-records-app/vendor/laravel/framework/src/Illuminate/Foundation/Console/Kernel.php(197): Symfony\\Component\\Console\\Application->run(Object(Symfony\\Component\\Console\\Input\\ArgvInput), Object(Symfony\\Component\\Console\\Output\\ConsoleOutput))
#40 /Users/masastevanovic/Desktop/STEH/health-records-app/vendor/laravel/framework/src/Illuminate/Foundation/Application.php(1235): Illuminate\\Foundation\\Console\\Kernel->handle(Object(Symfony\\Component\\Console\\Input\\ArgvInput), Object(Symfony\\Component\\Console\\Output\\ConsoleOutput))
#41 /Users/masastevanovic/Desktop/STEH/health-records-app/artisan(16): Illuminate\\Foundation\\Application->handleCommand(Object(Symfony\\Component\\Console\\Input\\ArgvInput))
#42 {main}
"} 
